{"C:\\Users\\Eier\\Desktop\\shopstop\\01\\src\\App.js": {"path":"C:\\Users\\Eier\\Desktop\\shopstop\\01\\src\\App.js","statementMap":{"0":{"start":{"line":25,"column":10},"end":{"line":35,"column":3}},"1":{"start":{"line":47,"column":4},"end":{"line":49,"column":5}},"2":{"start":{"line":48,"column":6},"end":{"line":48,"column":25}},"3":{"start":{"line":50,"column":4},"end":{"line":50,"column":59}},"4":{"start":{"line":51,"column":25},"end":{"line":51,"column":70}},"5":{"start":{"line":52,"column":4},"end":{"line":61,"column":5}},"6":{"start":{"line":53,"column":6},"end":{"line":60,"column":7}},"7":{"start":{"line":54,"column":8},"end":{"line":57,"column":11}},"8":{"start":{"line":55,"column":10},"end":{"line":55,"column":65}},"9":{"start":{"line":56,"column":10},"end":{"line":56,"column":53}},"10":{"start":{"line":65,"column":27},"end":{"line":67,"column":3}},"11":{"start":{"line":66,"column":4},"end":{"line":66,"column":32}},"12":{"start":{"line":74,"column":13},"end":{"line":78,"column":3}},"13":{"start":{"line":76,"column":4},"end":{"line":76,"column":23}},"14":{"start":{"line":77,"column":4},"end":{"line":77,"column":66}},"15":{"start":{"line":84,"column":4},"end":{"line":84,"column":62}},"16":{"start":{"line":94,"column":23},"end":{"line":104,"column":3}},"17":{"start":{"line":95,"column":4},"end":{"line":95,"column":34}},"18":{"start":{"line":96,"column":4},"end":{"line":103,"column":17}},"19":{"start":{"line":98,"column":29},"end":{"line":98,"column":42}},"20":{"start":{"line":99,"column":8},"end":{"line":102,"column":9}},"21":{"start":{"line":100,"column":10},"end":{"line":100,"column":46}},"22":{"start":{"line":113,"column":23},"end":{"line":120,"column":3}},"23":{"start":{"line":114,"column":4},"end":{"line":118,"column":5}},"24":{"start":{"line":115,"column":6},"end":{"line":117,"column":7}},"25":{"start":{"line":116,"column":8},"end":{"line":116,"column":20}},"26":{"start":{"line":119,"column":4},"end":{"line":119,"column":17}},"27":{"start":{"line":129,"column":17},"end":{"line":144,"column":3}},"28":{"start":{"line":130,"column":4},"end":{"line":143,"column":17}},"29":{"start":{"line":132,"column":25},"end":{"line":132,"column":38}},"30":{"start":{"line":133,"column":8},"end":{"line":141,"column":9}},"31":{"start":{"line":134,"column":10},"end":{"line":140,"column":13}},"32":{"start":{"line":135,"column":12},"end":{"line":139,"column":15}},"33":{"start":{"line":137,"column":16},"end":{"line":137,"column":45}},"34":{"start":{"line":154,"column":21},"end":{"line":170,"column":3}},"35":{"start":{"line":155,"column":4},"end":{"line":155,"column":37}},"36":{"start":{"line":155,"column":30},"end":{"line":155,"column":37}},"37":{"start":{"line":156,"column":4},"end":{"line":156,"column":36}},"38":{"start":{"line":157,"column":4},"end":{"line":169,"column":17}},"39":{"start":{"line":159,"column":21},"end":{"line":159,"column":37}},"40":{"start":{"line":160,"column":8},"end":{"line":168,"column":9}},"41":{"start":{"line":161,"column":10},"end":{"line":161,"column":65}},"42":{"start":{"line":162,"column":10},"end":{"line":162,"column":47}},"43":{"start":{"line":163,"column":10},"end":{"line":163,"column":38}},"44":{"start":{"line":165,"column":10},"end":{"line":167,"column":13}},"45":{"start":{"line":166,"column":12},"end":{"line":166,"column":54}},"46":{"start":{"line":176,"column":14},"end":{"line":179,"column":3}},"47":{"start":{"line":178,"column":4},"end":{"line":178,"column":34}},"48":{"start":{"line":185,"column":24},"end":{"line":187,"column":3}},"49":{"start":{"line":186,"column":4},"end":{"line":186,"column":44}},"50":{"start":{"line":193,"column":21},"end":{"line":195,"column":3}},"51":{"start":{"line":194,"column":4},"end":{"line":194,"column":64}},"52":{"start":{"line":202,"column":20},"end":{"line":218,"column":3}},"53":{"start":{"line":203,"column":4},"end":{"line":217,"column":7}},"54":{"start":{"line":204,"column":6},"end":{"line":216,"column":19}},"55":{"start":{"line":207,"column":28},"end":{"line":207,"column":41}},"56":{"start":{"line":208,"column":10},"end":{"line":210,"column":11}},"57":{"start":{"line":209,"column":12},"end":{"line":209,"column":46}},"58":{"start":{"line":211,"column":10},"end":{"line":215,"column":13}},"59":{"start":{"line":213,"column":14},"end":{"line":213,"column":53}},"60":{"start":{"line":225,"column":16},"end":{"line":243,"column":3}},"61":{"start":{"line":226,"column":4},"end":{"line":242,"column":17}},"62":{"start":{"line":228,"column":26},"end":{"line":228,"column":39}},"63":{"start":{"line":229,"column":8},"end":{"line":241,"column":13}},"64":{"start":{"line":232,"column":12},"end":{"line":237,"column":13}},"65":{"start":{"line":233,"column":14},"end":{"line":236,"column":17}},"66":{"start":{"line":238,"column":12},"end":{"line":238,"column":67}},"67":{"start":{"line":239,"column":12},"end":{"line":239,"column":66}},"68":{"start":{"line":240,"column":12},"end":{"line":240,"column":75}},"69":{"start":{"line":250,"column":22},"end":{"line":252,"column":3}},"70":{"start":{"line":251,"column":4},"end":{"line":251,"column":78}},"71":{"start":{"line":260,"column":24},"end":{"line":266,"column":3}},"72":{"start":{"line":261,"column":25},"end":{"line":261,"column":27}},"73":{"start":{"line":262,"column":4},"end":{"line":264,"column":5}},"74":{"start":{"line":263,"column":6},"end":{"line":263,"column":38}},"75":{"start":{"line":265,"column":4},"end":{"line":265,"column":40}},"76":{"start":{"line":275,"column":21},"end":{"line":308,"column":3}},"77":{"start":{"line":276,"column":4},"end":{"line":278,"column":5}},"78":{"start":{"line":277,"column":6},"end":{"line":277,"column":13}},"79":{"start":{"line":279,"column":4},"end":{"line":307,"column":5}},"80":{"start":{"line":280,"column":6},"end":{"line":304,"column":19}},"81":{"start":{"line":282,"column":10},"end":{"line":303,"column":11}},"82":{"start":{"line":283,"column":30},"end":{"line":283,"column":46}},"83":{"start":{"line":284,"column":12},"end":{"line":287,"column":15}},"84":{"start":{"line":288,"column":12},"end":{"line":300,"column":17}},"85":{"start":{"line":291,"column":16},"end":{"line":297,"column":17}},"86":{"start":{"line":292,"column":18},"end":{"line":296,"column":21}},"87":{"start":{"line":299,"column":16},"end":{"line":299,"column":39}},"88":{"start":{"line":317,"column":19},"end":{"line":320,"column":3}},"89":{"start":{"line":318,"column":4},"end":{"line":319,"column":47}},"90":{"start":{"line":330,"column":19},"end":{"line":343,"column":3}},"91":{"start":{"line":331,"column":4},"end":{"line":333,"column":5}},"92":{"start":{"line":332,"column":6},"end":{"line":332,"column":13}},"93":{"start":{"line":334,"column":4},"end":{"line":342,"column":17}},"94":{"start":{"line":337,"column":27},"end":{"line":337,"column":46}},"95":{"start":{"line":338,"column":8},"end":{"line":341,"column":13}},"96":{"start":{"line":340,"column":12},"end":{"line":340,"column":67}},"97":{"start":{"line":350,"column":21},"end":{"line":352,"column":3}},"98":{"start":{"line":351,"column":4},"end":{"line":351,"column":42}},"99":{"start":{"line":359,"column":21},"end":{"line":361,"column":3}},"100":{"start":{"line":360,"column":4},"end":{"line":360,"column":42}},"101":{"start":{"line":368,"column":23},"end":{"line":370,"column":3}},"102":{"start":{"line":369,"column":4},"end":{"line":369,"column":43}},"103":{"start":{"line":377,"column":4},"end":{"line":452,"column":6}},"104":{"start":{"line":380,"column":10},"end":{"line":383,"column":61}},"105":{"start":{"line":387,"column":10},"end":{"line":388,"column":49}},"106":{"start":{"line":392,"column":10},"end":{"line":400,"column":12}},"107":{"start":{"line":403,"column":10},"end":{"line":414,"column":12}},"108":{"start":{"line":417,"column":10},"end":{"line":427,"column":12}},"109":{"start":{"line":430,"column":10},"end":{"line":441,"column":29}},"110":{"start":{"line":445,"column":10},"end":{"line":448,"column":67}},"111":{"start":{"line":458,"column":17},"end":{"line":517,"column":3}},"112":{"start":{"line":459,"column":4},"end":{"line":516,"column":6}},"113":{"start":{"line":480,"column":6},"end":{"line":480,"column":32}},"114":{"start":{"line":481,"column":6},"end":{"line":481,"column":33}},"115":{"start":{"line":482,"column":6},"end":{"line":482,"column":34}},"116":{"start":{"line":483,"column":6},"end":{"line":483,"column":27}},"117":{"start":{"line":484,"column":6},"end":{"line":484,"column":33}},"118":{"start":{"line":485,"column":6},"end":{"line":485,"column":67}},"119":{"start":{"line":486,"column":6},"end":{"line":489,"column":8}},"120":{"start":{"line":490,"column":6},"end":{"line":493,"column":8}},"121":{"start":{"line":494,"column":6},"end":{"line":494,"column":28}},"122":{"start":{"line":495,"column":6},"end":{"line":495,"column":25}},"123":{"start":{"line":496,"column":6},"end":{"line":496,"column":30}},"124":{"start":{"line":497,"column":6},"end":{"line":497,"column":53}},"125":{"start":{"line":498,"column":6},"end":{"line":498,"column":55}},"126":{"start":{"line":499,"column":6},"end":{"line":499,"column":52}},"127":{"start":{"line":500,"column":6},"end":{"line":500,"column":28}},"128":{"start":{"line":501,"column":6},"end":{"line":501,"column":28}},"129":{"start":{"line":502,"column":6},"end":{"line":505,"column":8}},"130":{"start":{"line":506,"column":6},"end":{"line":506,"column":34}},"131":{"start":{"line":507,"column":6},"end":{"line":510,"column":8}},"132":{"start":{"line":511,"column":6},"end":{"line":511,"column":29}},"133":{"start":{"line":512,"column":6},"end":{"line":512,"column":28}},"134":{"start":{"line":513,"column":6},"end":{"line":513,"column":35}},"135":{"start":{"line":514,"column":6},"end":{"line":514,"column":33}},"136":{"start":{"line":515,"column":6},"end":{"line":515,"column":33}},"137":{"start":{"line":520,"column":0},"end":{"line":523,"column":2}}},"fnMap":{"0":{"name":"(anonymous_0)","decl":{"start":{"line":46,"column":2},"end":{"line":46,"column":3}},"loc":{"start":{"line":46,"column":22},"end":{"line":62,"column":3}},"line":46},"1":{"name":"(anonymous_1)","decl":{"start":{"line":54,"column":36},"end":{"line":54,"column":37}},"loc":{"start":{"line":54,"column":42},"end":{"line":57,"column":9}},"line":54},"2":{"name":"(anonymous_2)","decl":{"start":{"line":65,"column":27},"end":{"line":65,"column":28}},"loc":{"start":{"line":65,"column":33},"end":{"line":67,"column":3}},"line":65},"3":{"name":"(anonymous_3)","decl":{"start":{"line":74,"column":13},"end":{"line":74,"column":14}},"loc":{"start":{"line":74,"column":20},"end":{"line":78,"column":3}},"line":74},"4":{"name":"(anonymous_4)","decl":{"start":{"line":83,"column":2},"end":{"line":83,"column":3}},"loc":{"start":{"line":83,"column":25},"end":{"line":85,"column":3}},"line":83},"5":{"name":"(anonymous_5)","decl":{"start":{"line":94,"column":23},"end":{"line":94,"column":24}},"loc":{"start":{"line":94,"column":35},"end":{"line":104,"column":3}},"line":94},"6":{"name":"(anonymous_6)","decl":{"start":{"line":97,"column":12},"end":{"line":97,"column":13}},"loc":{"start":{"line":97,"column":26},"end":{"line":103,"column":7}},"line":97},"7":{"name":"(anonymous_7)","decl":{"start":{"line":113,"column":23},"end":{"line":113,"column":24}},"loc":{"start":{"line":113,"column":36},"end":{"line":120,"column":3}},"line":113},"8":{"name":"(anonymous_8)","decl":{"start":{"line":129,"column":17},"end":{"line":129,"column":18}},"loc":{"start":{"line":129,"column":30},"end":{"line":144,"column":3}},"line":129},"9":{"name":"(anonymous_9)","decl":{"start":{"line":131,"column":12},"end":{"line":131,"column":13}},"loc":{"start":{"line":131,"column":26},"end":{"line":143,"column":7}},"line":131},"10":{"name":"(anonymous_10)","decl":{"start":{"line":134,"column":70},"end":{"line":134,"column":71}},"loc":{"start":{"line":134,"column":76},"end":{"line":140,"column":11}},"line":134},"11":{"name":"(anonymous_11)","decl":{"start":{"line":136,"column":45},"end":{"line":136,"column":46}},"loc":{"start":{"line":136,"column":61},"end":{"line":138,"column":15}},"line":136},"12":{"name":"(anonymous_12)","decl":{"start":{"line":154,"column":21},"end":{"line":154,"column":22}},"loc":{"start":{"line":154,"column":38},"end":{"line":170,"column":3}},"line":154},"13":{"name":"(anonymous_13)","decl":{"start":{"line":158,"column":12},"end":{"line":158,"column":13}},"loc":{"start":{"line":158,"column":26},"end":{"line":169,"column":7}},"line":158},"14":{"name":"(anonymous_14)","decl":{"start":{"line":165,"column":42},"end":{"line":165,"column":43}},"loc":{"start":{"line":165,"column":48},"end":{"line":167,"column":11}},"line":165},"15":{"name":"(anonymous_15)","decl":{"start":{"line":176,"column":14},"end":{"line":176,"column":15}},"loc":{"start":{"line":176,"column":24},"end":{"line":179,"column":3}},"line":176},"16":{"name":"(anonymous_16)","decl":{"start":{"line":185,"column":24},"end":{"line":185,"column":25}},"loc":{"start":{"line":185,"column":35},"end":{"line":187,"column":3}},"line":185},"17":{"name":"(anonymous_17)","decl":{"start":{"line":193,"column":21},"end":{"line":193,"column":22}},"loc":{"start":{"line":193,"column":35},"end":{"line":195,"column":3}},"line":193},"18":{"name":"(anonymous_18)","decl":{"start":{"line":202,"column":20},"end":{"line":202,"column":21}},"loc":{"start":{"line":202,"column":26},"end":{"line":218,"column":3}},"line":202},"19":{"name":"(anonymous_19)","decl":{"start":{"line":203,"column":35},"end":{"line":203,"column":36}},"loc":{"start":{"line":203,"column":41},"end":{"line":217,"column":5}},"line":203},"20":{"name":"(anonymous_20)","decl":{"start":{"line":206,"column":14},"end":{"line":206,"column":15}},"loc":{"start":{"line":206,"column":28},"end":{"line":216,"column":9}},"line":206},"21":{"name":"(anonymous_21)","decl":{"start":{"line":212,"column":45},"end":{"line":212,"column":46}},"loc":{"start":{"line":212,"column":61},"end":{"line":214,"column":13}},"line":212},"22":{"name":"(anonymous_22)","decl":{"start":{"line":225,"column":16},"end":{"line":225,"column":17}},"loc":{"start":{"line":225,"column":24},"end":{"line":243,"column":3}},"line":225},"23":{"name":"(anonymous_23)","decl":{"start":{"line":227,"column":12},"end":{"line":227,"column":13}},"loc":{"start":{"line":227,"column":26},"end":{"line":242,"column":7}},"line":227},"24":{"name":"(anonymous_24)","decl":{"start":{"line":231,"column":16},"end":{"line":231,"column":17}},"loc":{"start":{"line":231,"column":30},"end":{"line":241,"column":11}},"line":231},"25":{"name":"(anonymous_25)","decl":{"start":{"line":250,"column":22},"end":{"line":250,"column":23}},"loc":{"start":{"line":250,"column":28},"end":{"line":252,"column":3}},"line":250},"26":{"name":"(anonymous_26)","decl":{"start":{"line":260,"column":24},"end":{"line":260,"column":25}},"loc":{"start":{"line":260,"column":35},"end":{"line":266,"column":3}},"line":260},"27":{"name":"(anonymous_27)","decl":{"start":{"line":275,"column":21},"end":{"line":275,"column":22}},"loc":{"start":{"line":275,"column":32},"end":{"line":308,"column":3}},"line":275},"28":{"name":"(anonymous_28)","decl":{"start":{"line":281,"column":14},"end":{"line":281,"column":15}},"loc":{"start":{"line":281,"column":28},"end":{"line":304,"column":9}},"line":281},"29":{"name":"(anonymous_29)","decl":{"start":{"line":290,"column":20},"end":{"line":290,"column":21}},"loc":{"start":{"line":290,"column":34},"end":{"line":298,"column":15}},"line":290},"30":{"name":"(anonymous_30)","decl":{"start":{"line":298,"column":22},"end":{"line":298,"column":23}},"loc":{"start":{"line":298,"column":28},"end":{"line":300,"column":15}},"line":298},"31":{"name":"(anonymous_31)","decl":{"start":{"line":317,"column":19},"end":{"line":317,"column":20}},"loc":{"start":{"line":317,"column":31},"end":{"line":320,"column":3}},"line":317},"32":{"name":"(anonymous_32)","decl":{"start":{"line":330,"column":19},"end":{"line":330,"column":20}},"loc":{"start":{"line":330,"column":31},"end":{"line":343,"column":3}},"line":330},"33":{"name":"(anonymous_33)","decl":{"start":{"line":336,"column":12},"end":{"line":336,"column":13}},"loc":{"start":{"line":336,"column":26},"end":{"line":342,"column":7}},"line":336},"34":{"name":"(anonymous_34)","decl":{"start":{"line":339,"column":16},"end":{"line":339,"column":17}},"loc":{"start":{"line":339,"column":22},"end":{"line":341,"column":11}},"line":339},"35":{"name":"(anonymous_35)","decl":{"start":{"line":350,"column":21},"end":{"line":350,"column":22}},"loc":{"start":{"line":350,"column":31},"end":{"line":352,"column":3}},"line":350},"36":{"name":"(anonymous_36)","decl":{"start":{"line":359,"column":21},"end":{"line":359,"column":22}},"loc":{"start":{"line":359,"column":31},"end":{"line":361,"column":3}},"line":359},"37":{"name":"(anonymous_37)","decl":{"start":{"line":368,"column":23},"end":{"line":368,"column":24}},"loc":{"start":{"line":368,"column":34},"end":{"line":370,"column":3}},"line":368},"38":{"name":"(anonymous_38)","decl":{"start":{"line":376,"column":2},"end":{"line":376,"column":3}},"loc":{"start":{"line":376,"column":11},"end":{"line":453,"column":3}},"line":376},"39":{"name":"(anonymous_39)","decl":{"start":{"line":379,"column":38},"end":{"line":379,"column":39}},"loc":{"start":{"line":380,"column":10},"end":{"line":383,"column":61}},"line":380},"40":{"name":"(anonymous_40)","decl":{"start":{"line":386,"column":46},"end":{"line":386,"column":47}},"loc":{"start":{"line":387,"column":10},"end":{"line":388,"column":49}},"line":387},"41":{"name":"(anonymous_41)","decl":{"start":{"line":391,"column":46},"end":{"line":391,"column":47}},"loc":{"start":{"line":392,"column":10},"end":{"line":400,"column":12}},"line":392},"42":{"name":"(anonymous_42)","decl":{"start":{"line":402,"column":57},"end":{"line":402,"column":58}},"loc":{"start":{"line":403,"column":10},"end":{"line":414,"column":12}},"line":403},"43":{"name":"(anonymous_43)","decl":{"start":{"line":416,"column":65},"end":{"line":416,"column":66}},"loc":{"start":{"line":417,"column":10},"end":{"line":427,"column":12}},"line":417},"44":{"name":"(anonymous_44)","decl":{"start":{"line":429,"column":65},"end":{"line":429,"column":66}},"loc":{"start":{"line":430,"column":10},"end":{"line":441,"column":29}},"line":430},"45":{"name":"(anonymous_45)","decl":{"start":{"line":444,"column":45},"end":{"line":444,"column":46}},"loc":{"start":{"line":445,"column":10},"end":{"line":448,"column":67}},"line":445},"46":{"name":"(anonymous_46)","decl":{"start":{"line":458,"column":17},"end":{"line":458,"column":18}},"loc":{"start":{"line":458,"column":23},"end":{"line":517,"column":3}},"line":458},"47":{"name":"(anonymous_47)","decl":{"start":{"line":479,"column":7},"end":{"line":479,"column":8}},"loc":{"start":{"line":479,"column":13},"end":{"line":516,"column":5}},"line":479}},"branchMap":{"0":{"loc":{"start":{"line":47,"column":4},"end":{"line":49,"column":5}},"type":"if","locations":[{"start":{"line":47,"column":4},"end":{"line":49,"column":5}},{"start":{"line":47,"column":4},"end":{"line":49,"column":5}}],"line":47},"1":{"loc":{"start":{"line":52,"column":4},"end":{"line":61,"column":5}},"type":"if","locations":[{"start":{"line":52,"column":4},"end":{"line":61,"column":5}},{"start":{"line":52,"column":4},"end":{"line":61,"column":5}}],"line":52},"2":{"loc":{"start":{"line":52,"column":8},"end":{"line":52,"column":47}},"type":"binary-expr","locations":[{"start":{"line":52,"column":8},"end":{"line":52,"column":20}},{"start":{"line":52,"column":24},"end":{"line":52,"column":47}}],"line":52},"3":{"loc":{"start":{"line":115,"column":6},"end":{"line":117,"column":7}},"type":"if","locations":[{"start":{"line":115,"column":6},"end":{"line":117,"column":7}},{"start":{"line":115,"column":6},"end":{"line":117,"column":7}}],"line":115},"4":{"loc":{"start":{"line":133,"column":8},"end":{"line":141,"column":9}},"type":"if","locations":[{"start":{"line":133,"column":8},"end":{"line":141,"column":9}},{"start":{"line":133,"column":8},"end":{"line":141,"column":9}}],"line":133},"5":{"loc":{"start":{"line":155,"column":4},"end":{"line":155,"column":37}},"type":"if","locations":[{"start":{"line":155,"column":4},"end":{"line":155,"column":37}},{"start":{"line":155,"column":4},"end":{"line":155,"column":37}}],"line":155},"6":{"loc":{"start":{"line":160,"column":8},"end":{"line":168,"column":9}},"type":"if","locations":[{"start":{"line":160,"column":8},"end":{"line":168,"column":9}},{"start":{"line":160,"column":8},"end":{"line":168,"column":9}}],"line":160},"7":{"loc":{"start":{"line":160,"column":12},"end":{"line":160,"column":58}},"type":"binary-expr","locations":[{"start":{"line":160,"column":12},"end":{"line":160,"column":16}},{"start":{"line":160,"column":20},"end":{"line":160,"column":58}}],"line":160},"8":{"loc":{"start":{"line":232,"column":12},"end":{"line":237,"column":13}},"type":"if","locations":[{"start":{"line":232,"column":12},"end":{"line":237,"column":13}},{"start":{"line":232,"column":12},"end":{"line":237,"column":13}}],"line":232},"9":{"loc":{"start":{"line":276,"column":4},"end":{"line":278,"column":5}},"type":"if","locations":[{"start":{"line":276,"column":4},"end":{"line":278,"column":5}},{"start":{"line":276,"column":4},"end":{"line":278,"column":5}}],"line":276},"10":{"loc":{"start":{"line":279,"column":4},"end":{"line":307,"column":5}},"type":"if","locations":[{"start":{"line":279,"column":4},"end":{"line":307,"column":5}},{"start":{"line":279,"column":4},"end":{"line":307,"column":5}}],"line":279},"11":{"loc":{"start":{"line":279,"column":8},"end":{"line":279,"column":49}},"type":"binary-expr","locations":[{"start":{"line":279,"column":8},"end":{"line":279,"column":13}},{"start":{"line":279,"column":17},"end":{"line":279,"column":49}}],"line":279},"12":{"loc":{"start":{"line":282,"column":10},"end":{"line":303,"column":11}},"type":"if","locations":[{"start":{"line":282,"column":10},"end":{"line":303,"column":11}},{"start":{"line":282,"column":10},"end":{"line":303,"column":11}}],"line":282},"13":{"loc":{"start":{"line":291,"column":16},"end":{"line":297,"column":17}},"type":"if","locations":[{"start":{"line":291,"column":16},"end":{"line":297,"column":17}},{"start":{"line":291,"column":16},"end":{"line":297,"column":17}}],"line":291},"14":{"loc":{"start":{"line":318,"column":11},"end":{"line":319,"column":46}},"type":"binary-expr","locations":[{"start":{"line":318,"column":11},"end":{"line":318,"column":17}},{"start":{"line":318,"column":21},"end":{"line":318,"column":50}},{"start":{"line":319,"column":6},"end":{"line":319,"column":46}}],"line":318},"15":{"loc":{"start":{"line":331,"column":4},"end":{"line":333,"column":5}},"type":"if","locations":[{"start":{"line":331,"column":4},"end":{"line":333,"column":5}},{"start":{"line":331,"column":4},"end":{"line":333,"column":5}}],"line":331}},"s":{"0":1,"1":1,"2":1,"3":1,"4":1,"5":1,"6":0,"7":0,"8":0,"9":0,"10":1,"11":1,"12":1,"13":0,"14":0,"15":1,"16":1,"17":1,"18":1,"19":0,"20":0,"21":0,"22":1,"23":2,"24":3,"25":1,"26":1,"27":1,"28":1,"29":0,"30":0,"31":0,"32":0,"33":0,"34":1,"35":2,"36":1,"37":1,"38":1,"39":0,"40":0,"41":0,"42":0,"43":0,"44":0,"45":0,"46":1,"47":1,"48":1,"49":1,"50":1,"51":1,"52":1,"53":1,"54":1,"55":0,"56":0,"57":0,"58":0,"59":0,"60":1,"61":1,"62":0,"63":0,"64":0,"65":0,"66":0,"67":0,"68":0,"69":1,"70":2,"71":1,"72":3,"73":3,"74":3,"75":3,"76":1,"77":1,"78":0,"79":1,"80":1,"81":0,"82":0,"83":0,"84":0,"85":0,"86":0,"87":0,"88":1,"89":4,"90":1,"91":2,"92":1,"93":1,"94":0,"95":0,"96":0,"97":1,"98":1,"99":1,"100":1,"101":1,"102":1,"103":3,"104":2,"105":0,"106":1,"107":0,"108":0,"109":0,"110":0,"111":1,"112":1,"113":1,"114":1,"115":1,"116":1,"117":1,"118":1,"119":1,"120":1,"121":1,"122":1,"123":1,"124":1,"125":1,"126":1,"127":1,"128":1,"129":1,"130":1,"131":1,"132":1,"133":1,"134":1,"135":1,"136":1,"137":1},"f":{"0":1,"1":0,"2":1,"3":0,"4":1,"5":1,"6":0,"7":2,"8":1,"9":0,"10":0,"11":0,"12":2,"13":0,"14":0,"15":1,"16":1,"17":1,"18":1,"19":1,"20":0,"21":0,"22":1,"23":0,"24":0,"25":2,"26":3,"27":1,"28":0,"29":0,"30":0,"31":4,"32":2,"33":0,"34":0,"35":1,"36":1,"37":1,"38":3,"39":2,"40":0,"41":1,"42":0,"43":0,"44":0,"45":0,"46":1,"47":1},"b":{"0":[1,0],"1":[0,1],"2":[1,0],"3":[1,2],"4":[0,0],"5":[1,1],"6":[0,0],"7":[0,0],"8":[0,0],"9":[0,1],"10":[1,0],"11":[1,1],"12":[0,0],"13":[0,0],"14":[4,4,4],"15":[1,1]},"_coverageSchema":"43e27e138ebf9cfc5966b082cf9a028302ed4184","hash":"963c13ed9d5c35ea49fc2966f28f6ade7b8922cc"}
,"C:\\Users\\Eier\\Desktop\\shopstop\\01\\src\\Constants.js": {"path":"C:\\Users\\Eier\\Desktop\\shopstop\\01\\src\\Constants.js","statementMap":{"0":{"start":{"line":3,"column":23},"end":{"line":3,"column":43}},"1":{"start":{"line":4,"column":20},"end":{"line":4,"column":24}},"2":{"start":{"line":5,"column":28},"end":{"line":15,"column":1}}},"fnMap":{},"branchMap":{},"s":{"0":9,"1":9,"2":9},"f":{},"b":{},"_coverageSchema":"43e27e138ebf9cfc5966b082cf9a028302ed4184","hash":"dcfa0b3e1b99704905c1d61433d4699d98b5329a"}
,"C:\\Users\\Eier\\Desktop\\shopstop\\01\\src\\index.js": {"path":"C:\\Users\\Eier\\Desktop\\shopstop\\01\\src\\index.js","statementMap":{"0":{"start":{"line":7,"column":0},"end":{"line":8,"column":37}}},"fnMap":{},"branchMap":{},"s":{"0":0},"f":{},"b":{},"hash":"23a6656eb6ba1fd23622ff15bd94df81c3748c93"}
,"C:\\Users\\Eier\\Desktop\\shopstop\\01\\src\\components\\groupmember\\AddMember.js": {"path":"C:\\Users\\Eier\\Desktop\\shopstop\\01\\src\\components\\groupmember\\AddMember.js","statementMap":{"0":{"start":{"line":11,"column":10},"end":{"line":13,"column":3}},"1":{"start":{"line":20,"column":13},"end":{"line":22,"column":3}},"2":{"start":{"line":21,"column":4},"end":{"line":21,"column":53}},"3":{"start":{"line":26,"column":13},"end":{"line":30,"column":3}},"4":{"start":{"line":27,"column":4},"end":{"line":27,"column":23}},"5":{"start":{"line":28,"column":4},"end":{"line":28,"column":50}},"6":{"start":{"line":29,"column":4},"end":{"line":29,"column":57}},"7":{"start":{"line":38,"column":4},"end":{"line":47,"column":6}},"8":{"start":{"line":51,"column":0},"end":{"line":53,"column":2}}},"fnMap":{"0":{"name":"(anonymous_0)","decl":{"start":{"line":20,"column":13},"end":{"line":20,"column":14}},"loc":{"start":{"line":20,"column":20},"end":{"line":22,"column":3}},"line":20},"1":{"name":"(anonymous_1)","decl":{"start":{"line":26,"column":13},"end":{"line":26,"column":14}},"loc":{"start":{"line":26,"column":20},"end":{"line":30,"column":3}},"line":26},"2":{"name":"(anonymous_2)","decl":{"start":{"line":37,"column":2},"end":{"line":37,"column":3}},"loc":{"start":{"line":37,"column":11},"end":{"line":48,"column":3}},"line":37}},"branchMap":{},"s":{"0":7,"1":7,"2":1,"3":7,"4":1,"5":1,"6":1,"7":8,"8":4},"f":{"0":1,"1":1,"2":8},"b":{},"_coverageSchema":"43e27e138ebf9cfc5966b082cf9a028302ed4184","hash":"0f29ba4d723dd1586a95f7859f9628279ce0799d"}
,"C:\\Users\\Eier\\Desktop\\shopstop\\01\\src\\components\\groupmember\\GroupMemberPage.js": {"path":"C:\\Users\\Eier\\Desktop\\shopstop\\01\\src\\components\\groupmember\\GroupMemberPage.js","statementMap":{"0":{"start":{"line":19,"column":11},"end":{"line":21,"column":3}},"1":{"start":{"line":20,"column":4},"end":{"line":20,"column":32}},"2":{"start":{"line":30,"column":4},"end":{"line":58,"column":19}},"3":{"start":{"line":62,"column":0},"end":{"line":73,"column":2}}},"fnMap":{"0":{"name":"(anonymous_0)","decl":{"start":{"line":19,"column":11},"end":{"line":19,"column":12}},"loc":{"start":{"line":19,"column":17},"end":{"line":21,"column":3}},"line":19},"1":{"name":"(anonymous_1)","decl":{"start":{"line":29,"column":2},"end":{"line":29,"column":3}},"loc":{"start":{"line":29,"column":11},"end":{"line":59,"column":3}},"line":29}},"branchMap":{"0":{"loc":{"start":{"line":30,"column":11},"end":{"line":58,"column":18}},"type":"cond-expr","locations":[{"start":{"line":31,"column":6},"end":{"line":57,"column":9}},{"start":{"line":58,"column":6},"end":{"line":58,"column":18}}],"line":30}},"s":{"0":3,"1":1,"2":3,"3":2},"f":{"0":1,"1":3},"b":{"0":[2,1]},"_coverageSchema":"43e27e138ebf9cfc5966b082cf9a028302ed4184","hash":"ab8536f3a185ffd304594e44c3752ba5ce898e72"}
,"C:\\Users\\Eier\\Desktop\\shopstop\\01\\src\\components\\groupmember\\GroupMemberView.js": {"path":"C:\\Users\\Eier\\Desktop\\shopstop\\01\\src\\components\\groupmember\\GroupMemberView.js","statementMap":{"0":{"start":{"line":12,"column":10},"end":{"line":14,"column":3}},"1":{"start":{"line":21,"column":4},"end":{"line":23,"column":11}},"2":{"start":{"line":22,"column":6},"end":{"line":22,"column":35}},"3":{"start":{"line":30,"column":19},"end":{"line":32,"column":3}},"4":{"start":{"line":31,"column":4},"end":{"line":31,"column":52}},"5":{"start":{"line":41,"column":4},"end":{"line":68,"column":6}},"6":{"start":{"line":57,"column":12},"end":{"line":61,"column":48}},"7":{"start":{"line":72,"column":0},"end":{"line":79,"column":2}}},"fnMap":{"0":{"name":"(anonymous_0)","decl":{"start":{"line":20,"column":2},"end":{"line":20,"column":3}},"loc":{"start":{"line":20,"column":22},"end":{"line":24,"column":3}},"line":20},"1":{"name":"(anonymous_1)","decl":{"start":{"line":21,"column":15},"end":{"line":21,"column":16}},"loc":{"start":{"line":21,"column":21},"end":{"line":23,"column":5}},"line":21},"2":{"name":"(anonymous_2)","decl":{"start":{"line":30,"column":19},"end":{"line":30,"column":20}},"loc":{"start":{"line":30,"column":25},"end":{"line":32,"column":3}},"line":30},"3":{"name":"(anonymous_3)","decl":{"start":{"line":40,"column":2},"end":{"line":40,"column":3}},"loc":{"start":{"line":40,"column":11},"end":{"line":69,"column":3}},"line":40},"4":{"name":"(anonymous_4)","decl":{"start":{"line":56,"column":34},"end":{"line":56,"column":35}},"loc":{"start":{"line":56,"column":46},"end":{"line":62,"column":11}},"line":56}},"branchMap":{"0":{"loc":{"start":{"line":45,"column":11},"end":{"line":52,"column":21}},"type":"binary-expr","locations":[{"start":{"line":45,"column":11},"end":{"line":45,"column":41}},{"start":{"line":46,"column":12},"end":{"line":52,"column":21}}],"line":45},"1":{"loc":{"start":{"line":48,"column":25},"end":{"line":49,"column":25}},"type":"cond-expr","locations":[{"start":{"line":48,"column":47},"end":{"line":48,"column":57}},{"start":{"line":49,"column":16},"end":{"line":49,"column":25}}],"line":48},"2":{"loc":{"start":{"line":64,"column":9},"end":{"line":65,"column":70}},"type":"binary-expr","locations":[{"start":{"line":64,"column":9},"end":{"line":64,"column":39}},{"start":{"line":65,"column":10},"end":{"line":65,"column":70}}],"line":64}},"s":{"0":6,"1":6,"2":6,"3":6,"4":0,"5":6,"6":4,"7":3},"f":{"0":6,"1":6,"2":0,"3":6,"4":4},"b":{"0":[6,6],"1":[0,6],"2":[6,6]},"_coverageSchema":"43e27e138ebf9cfc5966b082cf9a028302ed4184","hash":"f5950ea5d2346dd3e3909edcd5a88561b003dae5"}
,"C:\\Users\\Eier\\Desktop\\shopstop\\01\\src\\components\\groupmember\\MemberItem.js": {"path":"C:\\Users\\Eier\\Desktop\\shopstop\\01\\src\\components\\groupmember\\MemberItem.js","statementMap":{"0":{"start":{"line":16,"column":17},"end":{"line":18,"column":3}},"1":{"start":{"line":17,"column":4},"end":{"line":17,"column":70}},"2":{"start":{"line":27,"column":45},"end":{"line":27,"column":62}},"3":{"start":{"line":28,"column":4},"end":{"line":48,"column":6}},"4":{"start":{"line":39,"column":27},"end":{"line":39,"column":60}},"5":{"start":{"line":52,"column":0},"end":{"line":57,"column":2}}},"fnMap":{"0":{"name":"(anonymous_0)","decl":{"start":{"line":16,"column":17},"end":{"line":16,"column":18}},"loc":{"start":{"line":16,"column":23},"end":{"line":18,"column":3}},"line":16},"1":{"name":"(anonymous_1)","decl":{"start":{"line":26,"column":2},"end":{"line":26,"column":3}},"loc":{"start":{"line":26,"column":11},"end":{"line":49,"column":3}},"line":26},"2":{"name":"(anonymous_2)","decl":{"start":{"line":39,"column":21},"end":{"line":39,"column":22}},"loc":{"start":{"line":39,"column":27},"end":{"line":39,"column":60}},"line":39}},"branchMap":{"0":{"loc":{"start":{"line":33,"column":23},"end":{"line":33,"column":54}},"type":"binary-expr","locations":[{"start":{"line":33,"column":23},"end":{"line":33,"column":42}},{"start":{"line":33,"column":46},"end":{"line":33,"column":54}}],"line":33},"1":{"loc":{"start":{"line":37,"column":9},"end":{"line":45,"column":19}},"type":"binary-expr","locations":[{"start":{"line":37,"column":9},"end":{"line":37,"column":28}},{"start":{"line":37,"column":32},"end":{"line":37,"column":52}},{"start":{"line":38,"column":10},"end":{"line":45,"column":19}}],"line":37},"2":{"loc":{"start":{"line":41,"column":23},"end":{"line":42,"column":23}},"type":"cond-expr","locations":[{"start":{"line":41,"column":45},"end":{"line":41,"column":56}},{"start":{"line":42,"column":14},"end":{"line":42,"column":23}}],"line":41}},"s":{"0":7,"1":9,"2":7,"3":7,"4":0,"5":4},"f":{"0":9,"1":7,"2":0},"b":{"0":[7,1],"1":[7,2,1],"2":[1,0]},"_coverageSchema":"43e27e138ebf9cfc5966b082cf9a028302ed4184","hash":"d368efa0a895dbf0de02b169af10e3a4edb4f25f"}
,"C:\\Users\\Eier\\Desktop\\shopstop\\01\\src\\components\\groupoverview\\GroupItem.js": {"path":"C:\\Users\\Eier\\Desktop\\shopstop\\01\\src\\components\\groupoverview\\GroupItem.js","statementMap":{"0":{"start":{"line":16,"column":33},"end":{"line":16,"column":49}},"1":{"start":{"line":17,"column":4},"end":{"line":23,"column":6}},"2":{"start":{"line":27,"column":0},"end":{"line":30,"column":2}}},"fnMap":{"0":{"name":"(anonymous_0)","decl":{"start":{"line":15,"column":2},"end":{"line":15,"column":3}},"loc":{"start":{"line":15,"column":11},"end":{"line":24,"column":3}},"line":15}},"branchMap":{},"s":{"0":30,"1":30,"2":2},"f":{"0":30},"b":{},"_coverageSchema":"43e27e138ebf9cfc5966b082cf9a028302ed4184","hash":"ee560f4eae2dec4b4d8d6aa3c7e9781405efb0cf"}
,"C:\\Users\\Eier\\Desktop\\shopstop\\01\\src\\components\\groupoverview\\GroupView.js": {"path":"C:\\Users\\Eier\\Desktop\\shopstop\\01\\src\\components\\groupoverview\\GroupView.js","statementMap":{"0":{"start":{"line":11,"column":10},"end":{"line":13,"column":3}},"1":{"start":{"line":20,"column":13},"end":{"line":22,"column":3}},"2":{"start":{"line":21,"column":4},"end":{"line":21,"column":53}},"3":{"start":{"line":31,"column":4},"end":{"line":46,"column":6}},"4":{"start":{"line":50,"column":0},"end":{"line":54,"column":2}}},"fnMap":{"0":{"name":"(anonymous_0)","decl":{"start":{"line":20,"column":13},"end":{"line":20,"column":14}},"loc":{"start":{"line":20,"column":20},"end":{"line":22,"column":3}},"line":20},"1":{"name":"(anonymous_1)","decl":{"start":{"line":30,"column":2},"end":{"line":30,"column":3}},"loc":{"start":{"line":30,"column":11},"end":{"line":47,"column":3}},"line":30}},"branchMap":{},"s":{"0":6,"1":6,"2":1,"3":10,"4":2},"f":{"0":1,"1":10},"b":{},"_coverageSchema":"43e27e138ebf9cfc5966b082cf9a028302ed4184","hash":"c1ea5615fae59946c910ebd06346578edcf0d244"}
,"C:\\Users\\Eier\\Desktop\\shopstop\\01\\src\\components\\groupoverview\\Groups.js": {"path":"C:\\Users\\Eier\\Desktop\\shopstop\\01\\src\\components\\groupoverview\\Groups.js","statementMap":{"0":{"start":{"line":15,"column":4},"end":{"line":22,"column":6}},"1":{"start":{"line":18,"column":10},"end":{"line":19,"column":64}},"2":{"start":{"line":26,"column":0},"end":{"line":29,"column":2}}},"fnMap":{"0":{"name":"(anonymous_0)","decl":{"start":{"line":14,"column":2},"end":{"line":14,"column":3}},"loc":{"start":{"line":14,"column":11},"end":{"line":23,"column":3}},"line":14},"1":{"name":"(anonymous_1)","decl":{"start":{"line":17,"column":31},"end":{"line":17,"column":32}},"loc":{"start":{"line":17,"column":42},"end":{"line":20,"column":9}},"line":17}},"branchMap":{},"s":{"0":10,"1":30,"2":2},"f":{"0":10,"1":30},"b":{},"_coverageSchema":"43e27e138ebf9cfc5966b082cf9a028302ed4184","hash":"a7f60cfa5ab78c3bf2247825929f1f901877e72e"}
,"C:\\Users\\Eier\\Desktop\\shopstop\\01\\src\\components\\groupoverview\\Overview.js": {"path":"C:\\Users\\Eier\\Desktop\\shopstop\\01\\src\\components\\groupoverview\\Overview.js","statementMap":{"0":{"start":{"line":23,"column":4},"end":{"line":25,"column":11}},"1":{"start":{"line":24,"column":6},"end":{"line":24,"column":67}},"2":{"start":{"line":32,"column":16},"end":{"line":34,"column":5}},"3":{"start":{"line":33,"column":6},"end":{"line":33,"column":56}},"4":{"start":{"line":41,"column":24},"end":{"line":50,"column":5}},"5":{"start":{"line":42,"column":28},"end":{"line":44,"column":8}},"6":{"start":{"line":43,"column":8},"end":{"line":43,"column":41}},"7":{"start":{"line":46,"column":6},"end":{"line":49,"column":9}},"8":{"start":{"line":47,"column":8},"end":{"line":47,"column":51}},"9":{"start":{"line":48,"column":8},"end":{"line":48,"column":59}},"10":{"start":{"line":57,"column":23},"end":{"line":63,"column":5}},"11":{"start":{"line":58,"column":20},"end":{"line":58,"column":22}},"12":{"start":{"line":59,"column":6},"end":{"line":61,"column":7}},"13":{"start":{"line":60,"column":8},"end":{"line":60,"column":50}},"14":{"start":{"line":62,"column":6},"end":{"line":62,"column":19}},"15":{"start":{"line":73,"column":24},"end":{"line":76,"column":5}},"16":{"start":{"line":74,"column":6},"end":{"line":75,"column":71}},"17":{"start":{"line":93,"column":16},"end":{"line":116,"column":5}},"18":{"start":{"line":94,"column":6},"end":{"line":115,"column":7}},"19":{"start":{"line":95,"column":8},"end":{"line":112,"column":19}},"20":{"start":{"line":99,"column":27},"end":{"line":99,"column":40}},"21":{"start":{"line":100,"column":10},"end":{"line":100,"column":48}},"22":{"start":{"line":102,"column":28},"end":{"line":102,"column":75}},"23":{"start":{"line":103,"column":10},"end":{"line":106,"column":13}},"24":{"start":{"line":107,"column":10},"end":{"line":111,"column":13}},"25":{"start":{"line":126,"column":6},"end":{"line":139,"column":25}},"26":{"start":{"line":143,"column":0},"end":{"line":152,"column":2}}},"fnMap":{"0":{"name":"(anonymous_0)","decl":{"start":{"line":22,"column":2},"end":{"line":22,"column":3}},"loc":{"start":{"line":22,"column":22},"end":{"line":26,"column":3}},"line":22},"1":{"name":"(anonymous_1)","decl":{"start":{"line":23,"column":15},"end":{"line":23,"column":16}},"loc":{"start":{"line":23,"column":21},"end":{"line":25,"column":5}},"line":23},"2":{"name":"(anonymous_2)","decl":{"start":{"line":32,"column":16},"end":{"line":32,"column":17}},"loc":{"start":{"line":32,"column":31},"end":{"line":34,"column":5}},"line":32},"3":{"name":"(anonymous_3)","decl":{"start":{"line":41,"column":24},"end":{"line":41,"column":25}},"loc":{"start":{"line":41,"column":37},"end":{"line":50,"column":5}},"line":41},"4":{"name":"(anonymous_4)","decl":{"start":{"line":42,"column":53},"end":{"line":42,"column":54}},"loc":{"start":{"line":42,"column":64},"end":{"line":44,"column":7}},"line":42},"5":{"name":"(anonymous_5)","decl":{"start":{"line":46,"column":55},"end":{"line":46,"column":56}},"loc":{"start":{"line":46,"column":61},"end":{"line":49,"column":7}},"line":46},"6":{"name":"(anonymous_6)","decl":{"start":{"line":57,"column":23},"end":{"line":57,"column":24}},"loc":{"start":{"line":57,"column":29},"end":{"line":63,"column":5}},"line":57},"7":{"name":"(anonymous_7)","decl":{"start":{"line":73,"column":24},"end":{"line":73,"column":25}},"loc":{"start":{"line":73,"column":39},"end":{"line":76,"column":5}},"line":73},"8":{"name":"(anonymous_8)","decl":{"start":{"line":93,"column":16},"end":{"line":93,"column":17}},"loc":{"start":{"line":93,"column":31},"end":{"line":116,"column":5}},"line":93},"9":{"name":"(anonymous_9)","decl":{"start":{"line":98,"column":16},"end":{"line":98,"column":17}},"loc":{"start":{"line":98,"column":30},"end":{"line":101,"column":9}},"line":98},"10":{"name":"(anonymous_10)","decl":{"start":{"line":101,"column":16},"end":{"line":101,"column":17}},"loc":{"start":{"line":101,"column":22},"end":{"line":112,"column":9}},"line":101},"11":{"name":"(anonymous_11)","decl":{"start":{"line":125,"column":4},"end":{"line":125,"column":5}},"loc":{"start":{"line":125,"column":13},"end":{"line":140,"column":5}},"line":125}},"branchMap":{"0":{"loc":{"start":{"line":74,"column":15},"end":{"line":75,"column":69}},"type":"binary-expr","locations":[{"start":{"line":74,"column":15},"end":{"line":74,"column":31}},{"start":{"line":75,"column":12},"end":{"line":75,"column":69}}],"line":74},"1":{"loc":{"start":{"line":94,"column":6},"end":{"line":115,"column":7}},"type":"if","locations":[{"start":{"line":94,"column":6},"end":{"line":115,"column":7}},{"start":{"line":94,"column":6},"end":{"line":115,"column":7}}],"line":94},"2":{"loc":{"start":{"line":126,"column":13},"end":{"line":139,"column":24}},"type":"cond-expr","locations":[{"start":{"line":127,"column":12},"end":{"line":138,"column":15}},{"start":{"line":139,"column":12},"end":{"line":139,"column":24}}],"line":126}},"s":{"0":7,"1":6,"2":7,"3":3,"4":7,"5":3,"6":9,"7":3,"8":3,"9":3,"10":7,"11":1,"12":1,"13":3,"14":1,"15":7,"16":1,"17":7,"18":1,"19":1,"20":0,"21":0,"22":0,"23":0,"24":0,"25":10,"26":2},"f":{"0":7,"1":6,"2":3,"3":3,"4":9,"5":3,"6":1,"7":1,"8":1,"9":0,"10":0,"11":10},"b":{"0":[1,1],"1":[1,0],"2":[9,1]},"_coverageSchema":"43e27e138ebf9cfc5966b082cf9a028302ed4184","hash":"ded5458ae0cfe5b00b76e56580b4b869965bfbb3"}
,"C:\\Users\\Eier\\Desktop\\shopstop\\01\\src\\components\\grouppage\\AddShoppingList.js": {"path":"C:\\Users\\Eier\\Desktop\\shopstop\\01\\src\\components\\grouppage\\AddShoppingList.js","statementMap":{"0":{"start":{"line":11,"column":12},"end":{"line":13,"column":5}},"1":{"start":{"line":19,"column":15},"end":{"line":21,"column":5}},"2":{"start":{"line":20,"column":6},"end":{"line":20,"column":55}},"3":{"start":{"line":28,"column":15},"end":{"line":32,"column":5}},"4":{"start":{"line":29,"column":6},"end":{"line":29,"column":25}},"5":{"start":{"line":30,"column":6},"end":{"line":30,"column":62}},"6":{"start":{"line":31,"column":6},"end":{"line":31,"column":62}},"7":{"start":{"line":40,"column":6},"end":{"line":52,"column":8}},"8":{"start":{"line":56,"column":0},"end":{"line":58,"column":2}}},"fnMap":{"0":{"name":"(anonymous_0)","decl":{"start":{"line":19,"column":15},"end":{"line":19,"column":16}},"loc":{"start":{"line":19,"column":22},"end":{"line":21,"column":5}},"line":19},"1":{"name":"(anonymous_1)","decl":{"start":{"line":28,"column":15},"end":{"line":28,"column":16}},"loc":{"start":{"line":28,"column":22},"end":{"line":32,"column":5}},"line":28},"2":{"name":"(anonymous_2)","decl":{"start":{"line":39,"column":4},"end":{"line":39,"column":5}},"loc":{"start":{"line":39,"column":13},"end":{"line":53,"column":5}},"line":39}},"branchMap":{},"s":{"0":6,"1":6,"2":1,"3":6,"4":1,"5":1,"6":1,"7":14,"8":3},"f":{"0":1,"1":1,"2":14},"b":{},"_coverageSchema":"43e27e138ebf9cfc5966b082cf9a028302ed4184","hash":"3a8a1bc767856342a3352798ff6c7335173579b9"}
,"C:\\Users\\Eier\\Desktop\\shopstop\\01\\src\\components\\grouppage\\GroupPage.js": {"path":"C:\\Users\\Eier\\Desktop\\shopstop\\01\\src\\components\\grouppage\\GroupPage.js","statementMap":{"0":{"start":{"line":19,"column":12},"end":{"line":21,"column":5}},"1":{"start":{"line":29,"column":6},"end":{"line":29,"column":65}},"2":{"start":{"line":37,"column":6},"end":{"line":37,"column":68}},"3":{"start":{"line":44,"column":25},"end":{"line":46,"column":5}},"4":{"start":{"line":45,"column":6},"end":{"line":45,"column":48}},"5":{"start":{"line":51,"column":13},"end":{"line":53,"column":5}},"6":{"start":{"line":52,"column":6},"end":{"line":52,"column":34}},"7":{"start":{"line":59,"column":18},"end":{"line":62,"column":5}},"8":{"start":{"line":60,"column":6},"end":{"line":61,"column":56}},"9":{"start":{"line":68,"column":18},"end":{"line":72,"column":5}},"10":{"start":{"line":69,"column":6},"end":{"line":69,"column":46}},"11":{"start":{"line":70,"column":6},"end":{"line":71,"column":54}},"12":{"start":{"line":84,"column":23},"end":{"line":84,"column":46}},"13":{"start":{"line":85,"column":6},"end":{"line":141,"column":25}},"14":{"start":{"line":104,"column":24},"end":{"line":104,"column":43}},"15":{"start":{"line":145,"column":0},"end":{"line":157,"column":2}}},"fnMap":{"0":{"name":"(anonymous_0)","decl":{"start":{"line":28,"column":4},"end":{"line":28,"column":5}},"loc":{"start":{"line":28,"column":24},"end":{"line":30,"column":5}},"line":28},"1":{"name":"(anonymous_1)","decl":{"start":{"line":36,"column":4},"end":{"line":36,"column":5}},"loc":{"start":{"line":36,"column":27},"end":{"line":38,"column":5}},"line":36},"2":{"name":"(anonymous_2)","decl":{"start":{"line":44,"column":25},"end":{"line":44,"column":26}},"loc":{"start":{"line":44,"column":31},"end":{"line":46,"column":5}},"line":44},"3":{"name":"(anonymous_3)","decl":{"start":{"line":51,"column":13},"end":{"line":51,"column":14}},"loc":{"start":{"line":51,"column":19},"end":{"line":53,"column":5}},"line":51},"4":{"name":"(anonymous_4)","decl":{"start":{"line":59,"column":18},"end":{"line":59,"column":19}},"loc":{"start":{"line":59,"column":24},"end":{"line":62,"column":5}},"line":59},"5":{"name":"(anonymous_5)","decl":{"start":{"line":68,"column":18},"end":{"line":68,"column":19}},"loc":{"start":{"line":68,"column":24},"end":{"line":72,"column":5}},"line":68},"6":{"name":"(anonymous_6)","decl":{"start":{"line":83,"column":4},"end":{"line":83,"column":5}},"loc":{"start":{"line":83,"column":13},"end":{"line":142,"column":5}},"line":83},"7":{"name":"(anonymous_7)","decl":{"start":{"line":103,"column":31},"end":{"line":103,"column":32}},"loc":{"start":{"line":103,"column":37},"end":{"line":105,"column":23}},"line":103}},"branchMap":{"0":{"loc":{"start":{"line":85,"column":13},"end":{"line":141,"column":24}},"type":"cond-expr","locations":[{"start":{"line":86,"column":12},"end":{"line":140,"column":15}},{"start":{"line":141,"column":12},"end":{"line":141,"column":24}}],"line":85},"1":{"loc":{"start":{"line":111,"column":19},"end":{"line":115,"column":37}},"type":"binary-expr","locations":[{"start":{"line":111,"column":19},"end":{"line":111,"column":27}},{"start":{"line":112,"column":28},"end":{"line":115,"column":37}}],"line":111},"2":{"loc":{"start":{"line":126,"column":19},"end":{"line":136,"column":34}},"type":"binary-expr","locations":[{"start":{"line":126,"column":19},"end":{"line":126,"column":28}},{"start":{"line":127,"column":28},"end":{"line":136,"column":34}}],"line":126}},"s":{"0":6,"1":6,"2":5,"3":6,"4":2,"5":6,"6":0,"7":6,"8":0,"9":6,"10":1,"11":1,"12":8,"13":8,"14":1,"15":2},"f":{"0":6,"1":5,"2":2,"3":0,"4":0,"5":1,"6":8,"7":1},"b":{"0":[6,2],"1":[6,2],"2":[6,4]},"_coverageSchema":"43e27e138ebf9cfc5966b082cf9a028302ed4184","hash":"c1c1a740e680b147cf429813e7888c6e47542293"}
,"C:\\Users\\Eier\\Desktop\\shopstop\\01\\src\\components\\grouppage\\ShoppingList.js": {"path":"C:\\Users\\Eier\\Desktop\\shopstop\\01\\src\\components\\grouppage\\ShoppingList.js","statementMap":{"0":{"start":{"line":14,"column":12},"end":{"line":16,"column":5}},"1":{"start":{"line":21,"column":15},"end":{"line":26,"column":5}},"2":{"start":{"line":22,"column":6},"end":{"line":25,"column":21}},"3":{"start":{"line":24,"column":12},"end":{"line":24,"column":50}},"4":{"start":{"line":35,"column":33},"end":{"line":35,"column":56}},"5":{"start":{"line":36,"column":6},"end":{"line":36,"column":45}},"6":{"start":{"line":36,"column":29},"end":{"line":36,"column":45}},"7":{"start":{"line":37,"column":6},"end":{"line":43,"column":8}},"8":{"start":{"line":47,"column":0},"end":{"line":51,"column":2}}},"fnMap":{"0":{"name":"(anonymous_0)","decl":{"start":{"line":21,"column":15},"end":{"line":21,"column":16}},"loc":{"start":{"line":21,"column":21},"end":{"line":26,"column":5}},"line":21},"1":{"name":"(anonymous_1)","decl":{"start":{"line":23,"column":16},"end":{"line":23,"column":17}},"loc":{"start":{"line":23,"column":30},"end":{"line":25,"column":11}},"line":23},"2":{"name":"(anonymous_2)","decl":{"start":{"line":34,"column":4},"end":{"line":34,"column":5}},"loc":{"start":{"line":34,"column":13},"end":{"line":44,"column":5}},"line":34}},"branchMap":{"0":{"loc":{"start":{"line":36,"column":6},"end":{"line":36,"column":45}},"type":"if","locations":[{"start":{"line":36,"column":6},"end":{"line":36,"column":45}},{"start":{"line":36,"column":6},"end":{"line":36,"column":45}}],"line":36}},"s":{"0":3,"1":3,"2":1,"3":0,"4":3,"5":3,"6":1,"7":3,"8":4},"f":{"0":1,"1":0,"2":3},"b":{"0":[1,2]},"_coverageSchema":"43e27e138ebf9cfc5966b082cf9a028302ed4184","hash":"c5aee1caaa4cb2eb47cc6dbb918115f82cd82198"}
,"C:\\Users\\Eier\\Desktop\\shopstop\\01\\src\\components\\grouppage\\ShoppingListView.js": {"path":"C:\\Users\\Eier\\Desktop\\shopstop\\01\\src\\components\\grouppage\\ShoppingListView.js","statementMap":{"0":{"start":{"line":15,"column":10},"end":{"line":18,"column":3}},"1":{"start":{"line":24,"column":17},"end":{"line":36,"column":3}},"2":{"start":{"line":25,"column":4},"end":{"line":35,"column":7}},"3":{"start":{"line":31,"column":6},"end":{"line":31,"column":40}},"4":{"start":{"line":32,"column":6},"end":{"line":32,"column":38}},"5":{"start":{"line":33,"column":6},"end":{"line":33,"column":39}},"6":{"start":{"line":34,"column":6},"end":{"line":34,"column":32}},"7":{"start":{"line":44,"column":4},"end":{"line":46,"column":5}},"8":{"start":{"line":45,"column":6},"end":{"line":45,"column":26}},"9":{"start":{"line":47,"column":4},"end":{"line":49,"column":11}},"10":{"start":{"line":48,"column":6},"end":{"line":48,"column":35}},"11":{"start":{"line":57,"column":26},"end":{"line":77,"column":3}},"12":{"start":{"line":58,"column":4},"end":{"line":58,"column":39}},"13":{"start":{"line":59,"column":4},"end":{"line":76,"column":19}},"14":{"start":{"line":62,"column":31},"end":{"line":62,"column":44}},"15":{"start":{"line":63,"column":10},"end":{"line":75,"column":11}},"16":{"start":{"line":64,"column":12},"end":{"line":74,"column":15}},"17":{"start":{"line":68,"column":14},"end":{"line":73,"column":17}},"18":{"start":{"line":71,"column":18},"end":{"line":71,"column":45}},"19":{"start":{"line":86,"column":22},"end":{"line":92,"column":3}},"20":{"start":{"line":87,"column":18},"end":{"line":87,"column":20}},"21":{"start":{"line":88,"column":4},"end":{"line":90,"column":5}},"22":{"start":{"line":89,"column":6},"end":{"line":89,"column":46}},"23":{"start":{"line":91,"column":4},"end":{"line":91,"column":50}},"24":{"start":{"line":100,"column":20},"end":{"line":113,"column":3}},"25":{"start":{"line":101,"column":4},"end":{"line":104,"column":5}},"26":{"start":{"line":103,"column":6},"end":{"line":103,"column":13}},"27":{"start":{"line":105,"column":4},"end":{"line":105,"column":39}},"28":{"start":{"line":106,"column":4},"end":{"line":112,"column":15}},"29":{"start":{"line":111,"column":6},"end":{"line":111,"column":35}},"30":{"start":{"line":119,"column":14},"end":{"line":121,"column":3}},"31":{"start":{"line":120,"column":4},"end":{"line":120,"column":34}},"32":{"start":{"line":129,"column":21},"end":{"line":137,"column":3}},"33":{"start":{"line":130,"column":25},"end":{"line":132,"column":9}},"34":{"start":{"line":131,"column":6},"end":{"line":131,"column":36}},"35":{"start":{"line":133,"column":4},"end":{"line":136,"column":7}},"36":{"start":{"line":134,"column":6},"end":{"line":134,"column":48}},"37":{"start":{"line":135,"column":6},"end":{"line":135,"column":64}},"38":{"start":{"line":146,"column":4},"end":{"line":158,"column":6}},"39":{"start":{"line":150,"column":12},"end":{"line":153,"column":34}},"40":{"start":{"line":162,"column":0},"end":{"line":167,"column":2}}},"fnMap":{"0":{"name":"(anonymous_0)","decl":{"start":{"line":24,"column":17},"end":{"line":24,"column":18}},"loc":{"start":{"line":24,"column":23},"end":{"line":36,"column":3}},"line":24},"1":{"name":"(anonymous_1)","decl":{"start":{"line":30,"column":7},"end":{"line":30,"column":8}},"loc":{"start":{"line":30,"column":13},"end":{"line":35,"column":5}},"line":30},"2":{"name":"(anonymous_2)","decl":{"start":{"line":43,"column":2},"end":{"line":43,"column":3}},"loc":{"start":{"line":43,"column":22},"end":{"line":50,"column":3}},"line":43},"3":{"name":"(anonymous_3)","decl":{"start":{"line":47,"column":15},"end":{"line":47,"column":16}},"loc":{"start":{"line":47,"column":21},"end":{"line":49,"column":5}},"line":47},"4":{"name":"(anonymous_4)","decl":{"start":{"line":57,"column":26},"end":{"line":57,"column":27}},"loc":{"start":{"line":57,"column":32},"end":{"line":77,"column":3}},"line":57},"5":{"name":"(anonymous_5)","decl":{"start":{"line":61,"column":14},"end":{"line":61,"column":15}},"loc":{"start":{"line":61,"column":28},"end":{"line":76,"column":9}},"line":61},"6":{"name":"(anonymous_6)","decl":{"start":{"line":67,"column":15},"end":{"line":67,"column":16}},"loc":{"start":{"line":67,"column":21},"end":{"line":74,"column":13}},"line":67},"7":{"name":"(anonymous_7)","decl":{"start":{"line":70,"column":46},"end":{"line":70,"column":47}},"loc":{"start":{"line":70,"column":61},"end":{"line":72,"column":17}},"line":70},"8":{"name":"(anonymous_8)","decl":{"start":{"line":86,"column":22},"end":{"line":86,"column":23}},"loc":{"start":{"line":86,"column":36},"end":{"line":92,"column":3}},"line":86},"9":{"name":"(anonymous_9)","decl":{"start":{"line":100,"column":20},"end":{"line":100,"column":21}},"loc":{"start":{"line":100,"column":34},"end":{"line":113,"column":3}},"line":100},"10":{"name":"(anonymous_10)","decl":{"start":{"line":110,"column":12},"end":{"line":110,"column":13}},"loc":{"start":{"line":110,"column":26},"end":{"line":112,"column":5}},"line":110},"11":{"name":"(anonymous_11)","decl":{"start":{"line":119,"column":14},"end":{"line":119,"column":15}},"loc":{"start":{"line":119,"column":24},"end":{"line":121,"column":3}},"line":119},"12":{"name":"(anonymous_12)","decl":{"start":{"line":129,"column":21},"end":{"line":129,"column":22}},"loc":{"start":{"line":129,"column":33},"end":{"line":137,"column":3}},"line":129},"13":{"name":"(anonymous_13)","decl":{"start":{"line":130,"column":57},"end":{"line":130,"column":58}},"loc":{"start":{"line":130,"column":67},"end":{"line":132,"column":5}},"line":130},"14":{"name":"(anonymous_14)","decl":{"start":{"line":133,"column":48},"end":{"line":133,"column":49}},"loc":{"start":{"line":133,"column":54},"end":{"line":136,"column":5}},"line":133},"15":{"name":"(anonymous_15)","decl":{"start":{"line":145,"column":2},"end":{"line":145,"column":3}},"loc":{"start":{"line":145,"column":11},"end":{"line":159,"column":3}},"line":145},"16":{"name":"(anonymous_16)","decl":{"start":{"line":149,"column":40},"end":{"line":149,"column":41}},"loc":{"start":{"line":149,"column":58},"end":{"line":154,"column":11}},"line":149}},"branchMap":{"0":{"loc":{"start":{"line":44,"column":4},"end":{"line":46,"column":5}},"type":"if","locations":[{"start":{"line":44,"column":4},"end":{"line":46,"column":5}},{"start":{"line":44,"column":4},"end":{"line":46,"column":5}}],"line":44},"1":{"loc":{"start":{"line":101,"column":4},"end":{"line":104,"column":5}},"type":"if","locations":[{"start":{"line":101,"column":4},"end":{"line":104,"column":5}},{"start":{"line":101,"column":4},"end":{"line":104,"column":5}}],"line":101},"2":{"loc":{"start":{"line":101,"column":8},"end":{"line":101,"column":59}},"type":"binary-expr","locations":[{"start":{"line":101,"column":8},"end":{"line":101,"column":23}},{"start":{"line":101,"column":27},"end":{"line":101,"column":59}}],"line":101}},"s":{"0":6,"1":6,"2":1,"3":1,"4":1,"5":1,"6":1,"7":6,"8":1,"9":6,"10":5,"11":6,"12":5,"13":5,"14":0,"15":0,"16":0,"17":0,"18":0,"19":6,"20":4,"21":4,"22":6,"23":4,"24":6,"25":3,"26":1,"27":2,"28":2,"29":0,"30":6,"31":1,"32":6,"33":1,"34":2,"35":1,"36":1,"37":1,"38":13,"39":2,"40":3},"f":{"0":1,"1":1,"2":6,"3":5,"4":5,"5":0,"6":0,"7":0,"8":4,"9":3,"10":0,"11":1,"12":1,"13":2,"14":1,"15":13,"16":2},"b":{"0":[1,5],"1":[1,2],"2":[3,3]},"_coverageSchema":"43e27e138ebf9cfc5966b082cf9a028302ed4184","hash":"10503984773b0cc2fa4b0a1b33d6a77e61372852"}
,"C:\\Users\\Eier\\Desktop\\shopstop\\01\\src\\components\\independent\\Header.js": {"path":"C:\\Users\\Eier\\Desktop\\shopstop\\01\\src\\components\\independent\\Header.js","statementMap":{"0":{"start":{"line":19,"column":15},"end":{"line":24,"column":3}},"1":{"start":{"line":21,"column":4},"end":{"line":23,"column":13}},"2":{"start":{"line":26,"column":13},"end":{"line":26,"column":34}},"3":{"start":{"line":27,"column":14},"end":{"line":28,"column":21}},"4":{"start":{"line":37,"column":22},"end":{"line":45,"column":1}},"5":{"start":{"line":38,"column":2},"end":{"line":44,"column":11}},"6":{"start":{"line":40,"column":6},"end":{"line":40,"column":31}},"7":{"start":{"line":55,"column":18},"end":{"line":94,"column":1}},"8":{"start":{"line":56,"column":2},"end":{"line":93,"column":3}},"9":{"start":{"line":58,"column":6},"end":{"line":63,"column":8}},"10":{"start":{"line":65,"column":6},"end":{"line":70,"column":8}},"11":{"start":{"line":72,"column":6},"end":{"line":77,"column":8}},"12":{"start":{"line":79,"column":6},"end":{"line":84,"column":8}},"13":{"start":{"line":86,"column":6},"end":{"line":92,"column":8}},"14":{"start":{"line":96,"column":0},"end":{"line":101,"column":2}}},"fnMap":{"0":{"name":"(anonymous_0)","decl":{"start":{"line":19,"column":15},"end":{"line":19,"column":16}},"loc":{"start":{"line":21,"column":4},"end":{"line":23,"column":13}},"line":21},"1":{"name":"(anonymous_1)","decl":{"start":{"line":19,"column":64},"end":{"line":19,"column":65}},"loc":{"start":{"line":19,"column":70},"end":{"line":19,"column":73}},"line":19},"2":{"name":"(anonymous_2)","decl":{"start":{"line":37,"column":22},"end":{"line":37,"column":23}},"loc":{"start":{"line":38,"column":2},"end":{"line":44,"column":11}},"line":38},"3":{"name":"(anonymous_3)","decl":{"start":{"line":39,"column":14},"end":{"line":39,"column":15}},"loc":{"start":{"line":39,"column":20},"end":{"line":41,"column":5}},"line":39},"4":{"name":"(anonymous_4)","decl":{"start":{"line":55,"column":18},"end":{"line":55,"column":19}},"loc":{"start":{"line":55,"column":53},"end":{"line":94,"column":1}},"line":55}},"branchMap":{"0":{"loc":{"start":{"line":19,"column":17},"end":{"line":19,"column":28}},"type":"default-arg","locations":[{"start":{"line":19,"column":26},"end":{"line":19,"column":28}}],"line":19},"1":{"loc":{"start":{"line":19,"column":30},"end":{"line":19,"column":39}},"type":"default-arg","locations":[{"start":{"line":19,"column":37},"end":{"line":19,"column":39}}],"line":19},"2":{"loc":{"start":{"line":19,"column":41},"end":{"line":19,"column":53}},"type":"default-arg","locations":[{"start":{"line":19,"column":51},"end":{"line":19,"column":53}}],"line":19},"3":{"loc":{"start":{"line":19,"column":55},"end":{"line":19,"column":73}},"type":"default-arg","locations":[{"start":{"line":19,"column":64},"end":{"line":19,"column":73}}],"line":19},"4":{"loc":{"start":{"line":56,"column":2},"end":{"line":93,"column":3}},"type":"switch","locations":[{"start":{"line":57,"column":4},"end":{"line":63,"column":8}},{"start":{"line":64,"column":4},"end":{"line":70,"column":8}},{"start":{"line":71,"column":4},"end":{"line":77,"column":8}},{"start":{"line":78,"column":4},"end":{"line":84,"column":8}},{"start":{"line":85,"column":4},"end":{"line":92,"column":8}}],"line":56}},"s":{"0":8,"1":42,"2":8,"3":8,"4":8,"5":32,"6":1,"7":8,"8":42,"9":0,"10":5,"11":3,"12":2,"13":32,"14":8},"f":{"0":42,"1":2,"2":32,"3":1,"4":42},"b":{"0":[32],"1":[10],"2":[7],"3":[40],"4":[0,5,3,2,32]},"_coverageSchema":"43e27e138ebf9cfc5966b082cf9a028302ed4184","hash":"d7386c2cbcb4e6396cf22f526681a4ed005a81cc"}
,"C:\\Users\\Eier\\Desktop\\shopstop\\01\\src\\components\\independent\\Icon.js": {"path":"C:\\Users\\Eier\\Desktop\\shopstop\\01\\src\\components\\independent\\Icon.js","statementMap":{"0":{"start":{"line":12,"column":13},"end":{"line":23,"column":1}},"1":{"start":{"line":13,"column":2},"end":{"line":22,"column":8}},"2":{"start":{"line":25,"column":16},"end":{"line":44,"column":1}},"3":{"start":{"line":26,"column":2},"end":{"line":43,"column":3}},"4":{"start":{"line":27,"column":22},"end":{"line":27,"column":208}},"5":{"start":{"line":28,"column":18},"end":{"line":28,"column":63}},"6":{"start":{"line":29,"column":19},"end":{"line":29,"column":89}},"7":{"start":{"line":30,"column":23},"end":{"line":30,"column":186}},"8":{"start":{"line":31,"column":20},"end":{"line":31,"column":80}},"9":{"start":{"line":32,"column":24},"end":{"line":32,"column":143}},"10":{"start":{"line":33,"column":21},"end":{"line":33,"column":108}},"11":{"start":{"line":34,"column":19},"end":{"line":34,"column":178}},"12":{"start":{"line":35,"column":23},"end":{"line":35,"column":371}},"13":{"start":{"line":36,"column":20},"end":{"line":36,"column":319}},"14":{"start":{"line":37,"column":24},"end":{"line":37,"column":175}},"15":{"start":{"line":38,"column":21},"end":{"line":38,"column":140}},"16":{"start":{"line":39,"column":30},"end":{"line":39,"column":410}},"17":{"start":{"line":40,"column":33},"end":{"line":40,"column":418}},"18":{"start":{"line":41,"column":27},"end":{"line":41,"column":337}},"19":{"start":{"line":42,"column":13},"end":{"line":42,"column":23}},"20":{"start":{"line":46,"column":0},"end":{"line":49,"column":2}}},"fnMap":{"0":{"name":"(anonymous_0)","decl":{"start":{"line":12,"column":13},"end":{"line":12,"column":14}},"loc":{"start":{"line":13,"column":2},"end":{"line":22,"column":8}},"line":13},"1":{"name":"(anonymous_1)","decl":{"start":{"line":25,"column":16},"end":{"line":25,"column":17}},"loc":{"start":{"line":25,"column":26},"end":{"line":44,"column":1}},"line":25}},"branchMap":{"0":{"loc":{"start":{"line":12,"column":21},"end":{"line":12,"column":33}},"type":"default-arg","locations":[{"start":{"line":12,"column":26},"end":{"line":12,"column":33}}],"line":12},"1":{"loc":{"start":{"line":26,"column":2},"end":{"line":43,"column":3}},"type":"switch","locations":[{"start":{"line":27,"column":4},"end":{"line":27,"column":208}},{"start":{"line":28,"column":4},"end":{"line":28,"column":63}},{"start":{"line":29,"column":4},"end":{"line":29,"column":89}},{"start":{"line":30,"column":4},"end":{"line":30,"column":186}},{"start":{"line":31,"column":4},"end":{"line":31,"column":80}},{"start":{"line":32,"column":4},"end":{"line":32,"column":143}},{"start":{"line":33,"column":4},"end":{"line":33,"column":108}},{"start":{"line":34,"column":4},"end":{"line":34,"column":178}},{"start":{"line":35,"column":4},"end":{"line":35,"column":371}},{"start":{"line":36,"column":4},"end":{"line":36,"column":319}},{"start":{"line":37,"column":4},"end":{"line":37,"column":175}},{"start":{"line":38,"column":4},"end":{"line":38,"column":140}},{"start":{"line":39,"column":4},"end":{"line":39,"column":410}},{"start":{"line":40,"column":4},"end":{"line":40,"column":418}},{"start":{"line":41,"column":4},"end":{"line":41,"column":337}},{"start":{"line":42,"column":4},"end":{"line":42,"column":23}}],"line":26}},"s":{"0":13,"1":202,"2":13,"3":202,"4":32,"5":15,"6":25,"7":9,"8":5,"9":6,"10":15,"11":21,"12":10,"13":32,"14":8,"15":7,"16":14,"17":0,"18":3,"19":0,"20":13},"f":{"0":202,"1":202},"b":{"0":[162],"1":[32,15,25,9,5,6,15,21,10,32,8,7,14,0,3,0]},"_coverageSchema":"43e27e138ebf9cfc5966b082cf9a028302ed4184","hash":"d4724e27cbd0ce7a3edc715d9704fd8a7544d6e9"}
,"C:\\Users\\Eier\\Desktop\\shopstop\\01\\src\\components\\independent\\LogoutButton.js": {"path":"C:\\Users\\Eier\\Desktop\\shopstop\\01\\src\\components\\independent\\LogoutButton.js","statementMap":{"0":{"start":{"line":15,"column":13},"end":{"line":18,"column":5}},"1":{"start":{"line":16,"column":6},"end":{"line":16,"column":26}},"2":{"start":{"line":17,"column":6},"end":{"line":17,"column":38}},"3":{"start":{"line":26,"column":6},"end":{"line":33,"column":8}},"4":{"start":{"line":29,"column":12},"end":{"line":29,"column":26}},"5":{"start":{"line":37,"column":0},"end":{"line":40,"column":2}}},"fnMap":{"0":{"name":"(anonymous_0)","decl":{"start":{"line":15,"column":13},"end":{"line":15,"column":14}},"loc":{"start":{"line":15,"column":19},"end":{"line":18,"column":5}},"line":15},"1":{"name":"(anonymous_1)","decl":{"start":{"line":25,"column":4},"end":{"line":25,"column":5}},"loc":{"start":{"line":25,"column":13},"end":{"line":34,"column":5}},"line":25},"2":{"name":"(anonymous_2)","decl":{"start":{"line":28,"column":19},"end":{"line":28,"column":20}},"loc":{"start":{"line":28,"column":25},"end":{"line":30,"column":11}},"line":28}},"branchMap":{},"s":{"0":18,"1":2,"2":2,"3":34,"4":2,"5":8},"f":{"0":2,"1":34,"2":2},"b":{},"_coverageSchema":"43e27e138ebf9cfc5966b082cf9a028302ed4184","hash":"c5488b53bfe55238213632bd5725551da1c8cd33"}
,"C:\\Users\\Eier\\Desktop\\shopstop\\01\\src\\components\\independent\\NotFound.js": {"path":"C:\\Users\\Eier\\Desktop\\shopstop\\01\\src\\components\\independent\\NotFound.js","statementMap":{"0":{"start":{"line":16,"column":4},"end":{"line":21,"column":6}}},"fnMap":{"0":{"name":"(anonymous_0)","decl":{"start":{"line":15,"column":2},"end":{"line":15,"column":3}},"loc":{"start":{"line":15,"column":11},"end":{"line":22,"column":3}},"line":15}},"branchMap":{},"s":{"0":6},"f":{"0":6},"b":{},"_coverageSchema":"43e27e138ebf9cfc5966b082cf9a028302ed4184","hash":"bc44833ddadfcd1ed5bd3bbd6a9edf36069866d5"}
,"C:\\Users\\Eier\\Desktop\\shopstop\\01\\src\\components\\login\\LoginPage.js": {"path":"C:\\Users\\Eier\\Desktop\\shopstop\\01\\src\\components\\login\\LoginPage.js","statementMap":{"0":{"start":{"line":19,"column":4},"end":{"line":29,"column":6}},"1":{"start":{"line":33,"column":0},"end":{"line":38,"column":2}}},"fnMap":{"0":{"name":"(anonymous_0)","decl":{"start":{"line":18,"column":2},"end":{"line":18,"column":3}},"loc":{"start":{"line":18,"column":11},"end":{"line":30,"column":3}},"line":18}},"branchMap":{},"s":{"0":5,"1":2},"f":{"0":5},"b":{},"_coverageSchema":"43e27e138ebf9cfc5966b082cf9a028302ed4184","hash":"0e0d7b57db96b8aeff31fb6a295757b2785bfadd"}
,"C:\\Users\\Eier\\Desktop\\shopstop\\01\\src\\components\\login\\Loginform.js": {"path":"C:\\Users\\Eier\\Desktop\\shopstop\\01\\src\\components\\login\\Loginform.js","statementMap":{"0":{"start":{"line":11,"column":12},"end":{"line":15,"column":5}},"1":{"start":{"line":23,"column":15},"end":{"line":32,"column":5}},"2":{"start":{"line":24,"column":19},"end":{"line":24,"column":41}},"3":{"start":{"line":25,"column":6},"end":{"line":31,"column":7}},"4":{"start":{"line":26,"column":8},"end":{"line":27,"column":11}},"5":{"start":{"line":29,"column":8},"end":{"line":30,"column":11}},"6":{"start":{"line":42,"column":15},"end":{"line":47,"column":5}},"7":{"start":{"line":43,"column":6},"end":{"line":43,"column":25}},"8":{"start":{"line":44,"column":6},"end":{"line":44,"column":37}},"9":{"start":{"line":45,"column":6},"end":{"line":45,"column":23}},"10":{"start":{"line":46,"column":6},"end":{"line":46,"column":46}},"11":{"start":{"line":52,"column":16},"end":{"line":56,"column":5}},"12":{"start":{"line":53,"column":6},"end":{"line":55,"column":7}},"13":{"start":{"line":54,"column":8},"end":{"line":54,"column":27}},"14":{"start":{"line":66,"column":6},"end":{"line":87,"column":8}},"15":{"start":{"line":91,"column":0},"end":{"line":94,"column":2}}},"fnMap":{"0":{"name":"(anonymous_0)","decl":{"start":{"line":23,"column":15},"end":{"line":23,"column":16}},"loc":{"start":{"line":23,"column":22},"end":{"line":32,"column":5}},"line":23},"1":{"name":"(anonymous_1)","decl":{"start":{"line":26,"column":68},"end":{"line":26,"column":69}},"loc":{"start":{"line":26,"column":74},"end":{"line":27,"column":9}},"line":26},"2":{"name":"(anonymous_2)","decl":{"start":{"line":29,"column":57},"end":{"line":29,"column":58}},"loc":{"start":{"line":29,"column":63},"end":{"line":30,"column":9}},"line":29},"3":{"name":"(anonymous_3)","decl":{"start":{"line":42,"column":15},"end":{"line":42,"column":16}},"loc":{"start":{"line":42,"column":22},"end":{"line":47,"column":5}},"line":42},"4":{"name":"(anonymous_4)","decl":{"start":{"line":52,"column":16},"end":{"line":52,"column":17}},"loc":{"start":{"line":52,"column":22},"end":{"line":56,"column":5}},"line":52},"5":{"name":"(anonymous_5)","decl":{"start":{"line":65,"column":4},"end":{"line":65,"column":5}},"loc":{"start":{"line":65,"column":13},"end":{"line":88,"column":5}},"line":65}},"branchMap":{"0":{"loc":{"start":{"line":25,"column":6},"end":{"line":31,"column":7}},"type":"if","locations":[{"start":{"line":25,"column":6},"end":{"line":31,"column":7}},{"start":{"line":25,"column":6},"end":{"line":31,"column":7}}],"line":25},"1":{"loc":{"start":{"line":83,"column":11},"end":{"line":84,"column":73}},"type":"binary-expr","locations":[{"start":{"line":83,"column":11},"end":{"line":83,"column":38}},{"start":{"line":84,"column":20},"end":{"line":84,"column":73}}],"line":83}},"s":{"0":9,"1":9,"2":4,"3":4,"4":2,"5":2,"6":9,"7":2,"8":2,"9":2,"10":2,"11":9,"12":2,"13":4,"14":16,"15":3},"f":{"0":4,"1":2,"2":2,"3":2,"4":2,"5":16},"b":{"0":[2,2],"1":[16,0]},"_coverageSchema":"43e27e138ebf9cfc5966b082cf9a028302ed4184","hash":"92770b8ded64f81ec790996647c1e8e6e8089702"}
,"C:\\Users\\Eier\\Desktop\\shopstop\\01\\src\\components\\login\\RegisterButton.js": {"path":"C:\\Users\\Eier\\Desktop\\shopstop\\01\\src\\components\\login\\RegisterButton.js","statementMap":{"0":{"start":{"line":11,"column":19},"end":{"line":13,"column":5}},"1":{"start":{"line":12,"column":6},"end":{"line":12,"column":43}},"2":{"start":{"line":20,"column":6},"end":{"line":24,"column":8}},"3":{"start":{"line":28,"column":0},"end":{"line":30,"column":2}}},"fnMap":{"0":{"name":"(anonymous_0)","decl":{"start":{"line":11,"column":19},"end":{"line":11,"column":20}},"loc":{"start":{"line":11,"column":25},"end":{"line":13,"column":5}},"line":11},"1":{"name":"(anonymous_1)","decl":{"start":{"line":19,"column":4},"end":{"line":19,"column":5}},"loc":{"start":{"line":19,"column":13},"end":{"line":25,"column":5}},"line":19}},"branchMap":{},"s":{"0":4,"1":1,"2":5,"3":8},"f":{"0":1,"1":5},"b":{},"_coverageSchema":"43e27e138ebf9cfc5966b082cf9a028302ed4184","hash":"fc2819d4261b9dd5e469d3ae05e07292f3efa0b0"}
,"C:\\Users\\Eier\\Desktop\\shopstop\\01\\src\\components\\profile\\ProfilePage.js": {"path":"C:\\Users\\Eier\\Desktop\\shopstop\\01\\src\\components\\profile\\ProfilePage.js","statementMap":{"0":{"start":{"line":18,"column":4},"end":{"line":37,"column":20}},"1":{"start":{"line":28,"column":20},"end":{"line":28,"column":48}},"2":{"start":{"line":41,"column":0},"end":{"line":46,"column":2}}},"fnMap":{"0":{"name":"(anonymous_0)","decl":{"start":{"line":17,"column":2},"end":{"line":17,"column":3}},"loc":{"start":{"line":17,"column":11},"end":{"line":38,"column":3}},"line":17},"1":{"name":"(anonymous_1)","decl":{"start":{"line":27,"column":27},"end":{"line":27,"column":28}},"loc":{"start":{"line":27,"column":33},"end":{"line":29,"column":19}},"line":27}},"branchMap":{"0":{"loc":{"start":{"line":18,"column":11},"end":{"line":37,"column":19}},"type":"cond-expr","locations":[{"start":{"line":19,"column":12},"end":{"line":35,"column":18}},{"start":{"line":37,"column":8},"end":{"line":37,"column":19}}],"line":18}},"s":{"0":3,"1":1,"2":2},"f":{"0":3,"1":1},"b":{"0":[2,1]},"_coverageSchema":"43e27e138ebf9cfc5966b082cf9a028302ed4184","hash":"7e1eec10e2b913c1cd9cae556f34bdd5f34059f0"}
,"C:\\Users\\Eier\\Desktop\\shopstop\\01\\src\\components\\profile\\ProfileView.js": {"path":"C:\\Users\\Eier\\Desktop\\shopstop\\01\\src\\components\\profile\\ProfileView.js","statementMap":{"0":{"start":{"line":15,"column":4},"end":{"line":23,"column":6}},"1":{"start":{"line":27,"column":0},"end":{"line":29,"column":2}}},"fnMap":{"0":{"name":"(anonymous_0)","decl":{"start":{"line":14,"column":2},"end":{"line":14,"column":3}},"loc":{"start":{"line":14,"column":11},"end":{"line":24,"column":3}},"line":14}},"branchMap":{},"s":{"0":2,"1":2},"f":{"0":2},"b":{},"_coverageSchema":"43e27e138ebf9cfc5966b082cf9a028302ed4184","hash":"478e038f7e01c271317b8e3cb1b2a76dadb30800"}
,"C:\\Users\\Eier\\Desktop\\shopstop\\01\\src\\components\\register\\LoginButton.js": {"path":"C:\\Users\\Eier\\Desktop\\shopstop\\01\\src\\components\\register\\LoginButton.js","statementMap":{"0":{"start":{"line":12,"column":20},"end":{"line":14,"column":5}},"1":{"start":{"line":13,"column":6},"end":{"line":13,"column":35}},"2":{"start":{"line":21,"column":6},"end":{"line":25,"column":8}},"3":{"start":{"line":29,"column":0},"end":{"line":31,"column":2}}},"fnMap":{"0":{"name":"(anonymous_0)","decl":{"start":{"line":12,"column":20},"end":{"line":12,"column":21}},"loc":{"start":{"line":12,"column":26},"end":{"line":14,"column":5}},"line":12},"1":{"name":"(anonymous_1)","decl":{"start":{"line":20,"column":4},"end":{"line":20,"column":5}},"loc":{"start":{"line":20,"column":13},"end":{"line":26,"column":5}},"line":20}},"branchMap":{},"s":{"0":3,"1":1,"2":3,"3":8},"f":{"0":1,"1":3},"b":{},"_coverageSchema":"43e27e138ebf9cfc5966b082cf9a028302ed4184","hash":"106449dc17a5b61d319d3ab42189c62e1654dac6"}
,"C:\\Users\\Eier\\Desktop\\shopstop\\01\\src\\components\\register\\RegisterForm.js": {"path":"C:\\Users\\Eier\\Desktop\\shopstop\\01\\src\\components\\register\\RegisterForm.js","statementMap":{"0":{"start":{"line":13,"column":10},"end":{"line":23,"column":3}},"1":{"start":{"line":30,"column":13},"end":{"line":38,"column":3}},"2":{"start":{"line":31,"column":17},"end":{"line":31,"column":39}},"3":{"start":{"line":32,"column":4},"end":{"line":37,"column":5}},"4":{"start":{"line":34,"column":6},"end":{"line":34,"column":66}},"5":{"start":{"line":36,"column":6},"end":{"line":36,"column":55}},"6":{"start":{"line":45,"column":13},"end":{"line":50,"column":3}},"7":{"start":{"line":46,"column":4},"end":{"line":46,"column":23}},"8":{"start":{"line":47,"column":4},"end":{"line":47,"column":35}},"9":{"start":{"line":48,"column":4},"end":{"line":48,"column":21}},"10":{"start":{"line":49,"column":4},"end":{"line":49,"column":27}},"11":{"start":{"line":59,"column":20},"end":{"line":84,"column":3}},"12":{"start":{"line":60,"column":4},"end":{"line":64,"column":5}},"13":{"start":{"line":61,"column":6},"end":{"line":61,"column":64}},"14":{"start":{"line":61,"column":34},"end":{"line":61,"column":64}},"15":{"start":{"line":62,"column":6},"end":{"line":62,"column":46}},"16":{"start":{"line":63,"column":6},"end":{"line":63,"column":13}},"17":{"start":{"line":65,"column":4},"end":{"line":65,"column":68}},"18":{"start":{"line":65,"column":32},"end":{"line":65,"column":68}},"19":{"start":{"line":67,"column":4},"end":{"line":83,"column":8}},"20":{"start":{"line":76,"column":6},"end":{"line":79,"column":9}},"21":{"start":{"line":80,"column":19},"end":{"line":83,"column":6}},"22":{"start":{"line":92,"column":17},"end":{"line":98,"column":3}},"23":{"start":{"line":93,"column":4},"end":{"line":97,"column":30}},"24":{"start":{"line":105,"column":21},"end":{"line":107,"column":3}},"25":{"start":{"line":106,"column":4},"end":{"line":106,"column":63}},"26":{"start":{"line":112,"column":14},"end":{"line":116,"column":3}},"27":{"start":{"line":113,"column":4},"end":{"line":115,"column":5}},"28":{"start":{"line":114,"column":6},"end":{"line":114,"column":25}},"29":{"start":{"line":125,"column":4},"end":{"line":175,"column":6}},"30":{"start":{"line":179,"column":0},"end":{"line":181,"column":2}}},"fnMap":{"0":{"name":"(anonymous_0)","decl":{"start":{"line":30,"column":13},"end":{"line":30,"column":14}},"loc":{"start":{"line":30,"column":20},"end":{"line":38,"column":3}},"line":30},"1":{"name":"(anonymous_1)","decl":{"start":{"line":45,"column":13},"end":{"line":45,"column":14}},"loc":{"start":{"line":45,"column":20},"end":{"line":50,"column":3}},"line":45},"2":{"name":"(anonymous_2)","decl":{"start":{"line":59,"column":20},"end":{"line":59,"column":21}},"loc":{"start":{"line":59,"column":26},"end":{"line":84,"column":3}},"line":59},"3":{"name":"(anonymous_3)","decl":{"start":{"line":75,"column":12},"end":{"line":75,"column":13}},"loc":{"start":{"line":75,"column":18},"end":{"line":80,"column":5}},"line":75},"4":{"name":"(anonymous_4)","decl":{"start":{"line":80,"column":13},"end":{"line":80,"column":14}},"loc":{"start":{"line":80,"column":19},"end":{"line":83,"column":6}},"line":80},"5":{"name":"(anonymous_5)","decl":{"start":{"line":92,"column":17},"end":{"line":92,"column":18}},"loc":{"start":{"line":92,"column":23},"end":{"line":98,"column":3}},"line":92},"6":{"name":"(anonymous_6)","decl":{"start":{"line":105,"column":21},"end":{"line":105,"column":22}},"loc":{"start":{"line":105,"column":27},"end":{"line":107,"column":3}},"line":105},"7":{"name":"(anonymous_7)","decl":{"start":{"line":112,"column":14},"end":{"line":112,"column":15}},"loc":{"start":{"line":112,"column":20},"end":{"line":116,"column":3}},"line":112},"8":{"name":"(anonymous_8)","decl":{"start":{"line":124,"column":2},"end":{"line":124,"column":3}},"loc":{"start":{"line":124,"column":11},"end":{"line":176,"column":3}},"line":124}},"branchMap":{"0":{"loc":{"start":{"line":32,"column":4},"end":{"line":37,"column":5}},"type":"if","locations":[{"start":{"line":32,"column":4},"end":{"line":37,"column":5}},{"start":{"line":32,"column":4},"end":{"line":37,"column":5}}],"line":32},"1":{"loc":{"start":{"line":32,"column":8},"end":{"line":33,"column":42}},"type":"binary-expr","locations":[{"start":{"line":32,"column":8},"end":{"line":32,"column":36}},{"start":{"line":33,"column":6},"end":{"line":33,"column":42}}],"line":32},"2":{"loc":{"start":{"line":60,"column":4},"end":{"line":64,"column":5}},"type":"if","locations":[{"start":{"line":60,"column":4},"end":{"line":64,"column":5}},{"start":{"line":60,"column":4},"end":{"line":64,"column":5}}],"line":60},"3":{"loc":{"start":{"line":61,"column":6},"end":{"line":61,"column":64}},"type":"if","locations":[{"start":{"line":61,"column":6},"end":{"line":61,"column":64}},{"start":{"line":61,"column":6},"end":{"line":61,"column":64}}],"line":61},"4":{"loc":{"start":{"line":65,"column":4},"end":{"line":65,"column":68}},"type":"if","locations":[{"start":{"line":65,"column":4},"end":{"line":65,"column":68}},{"start":{"line":65,"column":4},"end":{"line":65,"column":68}}],"line":65},"5":{"loc":{"start":{"line":93,"column":11},"end":{"line":97,"column":29}},"type":"binary-expr","locations":[{"start":{"line":93,"column":11},"end":{"line":93,"column":34}},{"start":{"line":94,"column":6},"end":{"line":94,"column":33}},{"start":{"line":95,"column":6},"end":{"line":95,"column":29}},{"start":{"line":96,"column":6},"end":{"line":96,"column":34}},{"start":{"line":97,"column":6},"end":{"line":97,"column":29}}],"line":93},"6":{"loc":{"start":{"line":167,"column":9},"end":{"line":168,"column":74}},"type":"binary-expr","locations":[{"start":{"line":167,"column":9},"end":{"line":167,"column":36}},{"start":{"line":168,"column":10},"end":{"line":168,"column":74}}],"line":167},"7":{"loc":{"start":{"line":170,"column":9},"end":{"line":171,"column":71}},"type":"binary-expr","locations":[{"start":{"line":170,"column":9},"end":{"line":170,"column":38}},{"start":{"line":171,"column":10},"end":{"line":171,"column":71}}],"line":170}},"s":{"0":9,"1":9,"2":28,"3":28,"4":10,"5":18,"6":9,"7":4,"8":4,"9":4,"10":4,"11":9,"12":4,"13":3,"14":3,"15":3,"16":3,"17":1,"18":1,"19":0,"20":0,"21":0,"22":9,"23":4,"24":9,"25":4,"26":9,"27":4,"28":24,"29":41,"30":3},"f":{"0":28,"1":4,"2":4,"3":0,"4":0,"5":4,"6":4,"7":4,"8":41},"b":{"0":[10,18],"1":[28,23],"2":[3,1],"3":[3,0],"4":[1,0],"5":[4,3,2,1,1],"6":[41,3],"7":[41,0]},"_coverageSchema":"43e27e138ebf9cfc5966b082cf9a028302ed4184","hash":"ba23d5ffe4926c7f299397056248bbdc64350f89"}
,"C:\\Users\\Eier\\Desktop\\shopstop\\01\\src\\components\\register\\RegisterPage.js": {"path":"C:\\Users\\Eier\\Desktop\\shopstop\\01\\src\\components\\register\\RegisterPage.js","statementMap":{"0":{"start":{"line":19,"column":4},"end":{"line":26,"column":6}},"1":{"start":{"line":30,"column":0},"end":{"line":32,"column":2}}},"fnMap":{"0":{"name":"(anonymous_0)","decl":{"start":{"line":18,"column":2},"end":{"line":18,"column":3}},"loc":{"start":{"line":18,"column":11},"end":{"line":27,"column":3}},"line":18}},"branchMap":{},"s":{"0":3,"1":2},"f":{"0":3},"b":{},"_coverageSchema":"43e27e138ebf9cfc5966b082cf9a028302ed4184","hash":"ab165e21ccd795d9a5c2bf234f71a0aaba64e09c"}
[...]
,"C:\\Users\\Eier\\Desktop\\shopstop\\01\\src\\components\\shoppinglistdetail\\PossibleItem.js": {"path":"C:\\Users\\Eier\\Desktop\\shopstop\\01\\src\\components\\shoppinglistdetail\\PossibleItem.js","statementMap":{"0":{"start":{"line":16,"column":30},"end":{"line":16,"column":45}},"1":{"start":{"line":17,"column":4},"end":{"line":21,"column":6}},"2":{"start":{"line":25,"column":0},"end":{"line":27,"column":2}}},"fnMap":{"0":{"name":"(anonymous_0)","decl":{"start":{"line":15,"column":2},"end":{"line":15,"column":3}},"loc":{"start":{"line":15,"column":11},"end":{"line":22,"column":3}},"line":15}},"branchMap":{},"s":{"0":9,"1":9,"2":2},"f":{"0":9},"b":{},"_coverageSchema":"43e27e138ebf9cfc5966b082cf9a028302ed4184","hash":"89304f9ab16a1082afeb2ac79b5212736bafdd3b"}
,"C:\\Users\\Eier\\Desktop\\shopstop\\01\\src\\components\\shoppinglistdetail\\ShoppingListDetail.js": {"path":"C:\\Users\\Eier\\Desktop\\shopstop\\01\\src\\components\\shoppinglistdetail\\ShoppingListDetail.js","statementMap":{"0":{"start":{"line":18,"column":10},"end":{"line":25,"column":3}},"1":{"start":{"line":32,"column":4},"end":{"line":37,"column":10}},"2":{"start":{"line":33,"column":6},"end":{"line":36,"column":7}},"3":{"start":{"line":34,"column":8},"end":{"line":34,"column":36}},"4":{"start":{"line":35,"column":8},"end":{"line":35,"column":65}},"5":{"start":{"line":46,"column":25},"end":{"line":78,"column":3}},"6":{"start":{"line":47,"column":4},"end":{"line":47,"column":33}},"7":{"start":{"line":48,"column":4},"end":{"line":73,"column":5}},"8":{"start":{"line":49,"column":6},"end":{"line":49,"column":26}},"9":{"start":{"line":51,"column":6},"end":{"line":72,"column":18}},"10":{"start":{"line":54,"column":10},"end":{"line":71,"column":11}},"11":{"start":{"line":55,"column":12},"end":{"line":70,"column":24}},"12":{"start":{"line":58,"column":32},"end":{"line":58,"column":45}},"13":{"start":{"line":59,"column":16},"end":{"line":59,"column":57}},"14":{"start":{"line":60,"column":16},"end":{"line":69,"column":19}},"15":{"start":{"line":64,"column":18},"end":{"line":68,"column":21}},"16":{"start":{"line":66,"column":22},"end":{"line":66,"column":49}},"17":{"start":{"line":74,"column":4},"end":{"line":77,"column":12}},"18":{"start":{"line":75,"column":6},"end":{"line":75,"column":30}},"19":{"start":{"line":76,"column":6},"end":{"line":76,"column":27}},"20":{"start":{"line":86,"column":21},"end":{"line":99,"column":3}},"21":{"start":{"line":87,"column":26},"end":{"line":87,"column":28}},"22":{"start":{"line":88,"column":23},"end":{"line":88,"column":56}},"23":{"start":{"line":89,"column":4},"end":{"line":98,"column":17}},"24":{"start":{"line":91,"column":25},"end":{"line":91,"column":38}},"25":{"start":{"line":92,"column":8},"end":{"line":96,"column":9}},"26":{"start":{"line":93,"column":10},"end":{"line":95,"column":11}},"27":{"start":{"line":94,"column":12},"end":{"line":94,"column":37}},"28":{"start":{"line":97,"column":8},"end":{"line":97,"column":56}},"29":{"start":{"line":108,"column":15},"end":{"line":114,"column":3}},"30":{"start":{"line":109,"column":20},"end":{"line":109,"column":22}},"31":{"start":{"line":110,"column":4},"end":{"line":112,"column":5}},"32":{"start":{"line":111,"column":6},"end":{"line":111,"column":32}},"33":{"start":{"line":113,"column":4},"end":{"line":113,"column":19}},"34":{"start":{"line":121,"column":18},"end":{"line":123,"column":3}},"35":{"start":{"line":122,"column":4},"end":{"line":122,"column":57}},"36":{"start":{"line":131,"column":22},"end":{"line":134,"column":3}},"37":{"start":{"line":132,"column":20},"end":{"line":132,"column":53}},"38":{"start":{"line":133,"column":4},"end":{"line":133,"column":36}},"39":{"start":{"line":142,"column":12},"end":{"line":151,"column":3}},"40":{"start":{"line":143,"column":22},"end":{"line":143,"column":42}},"41":{"start":{"line":144,"column":4},"end":{"line":150,"column":15}},"42":{"start":{"line":149,"column":6},"end":{"line":149,"column":34}},"43":{"start":{"line":156,"column":19},"end":{"line":158,"column":3}},"44":{"start":{"line":157,"column":4},"end":{"line":157,"column":54}},"45":{"start":{"line":163,"column":11},"end":{"line":165,"column":3}},"46":{"start":{"line":164,"column":4},"end":{"line":164,"column":32}},"47":{"start":{"line":173,"column":18},"end":{"line":179,"column":3}},"48":{"start":{"line":174,"column":21},"end":{"line":174,"column":22}},"49":{"start":{"line":175,"column":4},"end":{"line":177,"column":5}},"50":{"start":{"line":176,"column":6},"end":{"line":176,"column":31}},"51":{"start":{"line":178,"column":4},"end":{"line":178,"column":22}},"52":{"start":{"line":188,"column":23},"end":{"line":200,"column":3}},"53":{"start":{"line":189,"column":4},"end":{"line":199,"column":5}},"54":{"start":{"line":190,"column":6},"end":{"line":198,"column":7}},"55":{"start":{"line":191,"column":8},"end":{"line":197,"column":9}},"56":{"start":{"line":192,"column":10},"end":{"line":192,"column":31}},"57":{"start":{"line":193,"column":10},"end":{"line":193,"column":17}},"58":{"start":{"line":195,"column":10},"end":{"line":195,"column":33}},"59":{"start":{"line":196,"column":10},"end":{"line":196,"column":17}},"60":{"start":{"line":207,"column":14},"end":{"line":210,"column":3}},"61":{"start":{"line":208,"column":4},"end":{"line":208,"column":26}},"62":{"start":{"line":209,"column":4},"end":{"line":209,"column":32}},"63":{"start":{"line":221,"column":18},"end":{"line":244,"column":3}},"64":{"start":{"line":222,"column":18},"end":{"line":222,"column":59}},"65":{"start":{"line":223,"column":4},"end":{"line":243,"column":16}},"66":{"start":{"line":226,"column":27},"end":{"line":226,"column":46}},"67":{"start":{"line":227,"column":8},"end":{"line":227,"column":31}},"68":{"start":{"line":228,"column":8},"end":{"line":233,"column":13}},"69":{"start":{"line":234,"column":8},"end":{"line":242,"column":13}},"70":{"start":{"line":236,"column":12},"end":{"line":241,"column":15}},"71":{"start":{"line":251,"column":16},"end":{"line":254,"column":3}},"72":{"start":{"line":252,"column":4},"end":{"line":252,"column":27}},"73":{"start":{"line":253,"column":4},"end":{"line":253,"column":32}},"74":{"start":{"line":261,"column":17},"end":{"line":266,"column":3}},"75":{"start":{"line":262,"column":4},"end":{"line":264,"column":5}},"76":{"start":{"line":263,"column":6},"end":{"line":263,"column":40}},"77":{"start":{"line":263,"column":27},"end":{"line":263,"column":40}},"78":{"start":{"line":265,"column":4},"end":{"line":265,"column":16}},"79":{"start":{"line":272,"column":13},"end":{"line":283,"column":3}},"80":{"start":{"line":273,"column":23},"end":{"line":273,"column":42}},"81":{"start":{"line":274,"column":4},"end":{"line":282,"column":5}},"82":{"start":{"line":275,"column":6},"end":{"line":281,"column":7}},"83":{"start":{"line":276,"column":8},"end":{"line":278,"column":9}},"84":{"start":{"line":277,"column":10},"end":{"line":277,"column":31}},"85":{"start":{"line":280,"column":8},"end":{"line":280,"column":31}},"86":{"start":{"line":290,"column":22},"end":{"line":294,"column":3}},"87":{"start":{"line":291,"column":4},"end":{"line":292,"column":52}},"88":{"start":{"line":293,"column":4},"end":{"line":293,"column":18}},"89":{"start":{"line":304,"column":4},"end":{"line":378,"column":19}},"90":{"start":{"line":329,"column":22},"end":{"line":329,"column":47}},"91":{"start":{"line":332,"column":22},"end":{"line":332,"column":38}},"92":{"start":{"line":350,"column":14},"end":{"line":357,"column":50}},"93":{"start":{"line":366,"column":18},"end":{"line":367,"column":35}},"94":{"start":{"line":385,"column":17},"end":{"line":416,"column":3}},"95":{"start":{"line":386,"column":4},"end":{"line":415,"column":7}},"96":{"start":{"line":398,"column":6},"end":{"line":398,"column":42}},"97":{"start":{"line":399,"column":6},"end":{"line":399,"column":51}},"98":{"start":{"line":400,"column":6},"end":{"line":400,"column":26}},"99":{"start":{"line":401,"column":6},"end":{"line":401,"column":22}},"100":{"start":{"line":403,"column":6},"end":{"line":403,"column":44}},"101":{"start":{"line":404,"column":6},"end":{"line":404,"column":51}},"102":{"start":{"line":405,"column":6},"end":{"line":405,"column":26}},"103":{"start":{"line":406,"column":6},"end":{"line":406,"column":22}},"104":{"start":{"line":408,"column":6},"end":{"line":408,"column":40}},"105":{"start":{"line":409,"column":6},"end":{"line":409,"column":21}},"106":{"start":{"line":410,"column":6},"end":{"line":410,"column":31}},"107":{"start":{"line":411,"column":6},"end":{"line":411,"column":31}},"108":{"start":{"line":412,"column":6},"end":{"line":412,"column":27}},"109":{"start":{"line":413,"column":6},"end":{"line":413,"column":30}},"110":{"start":{"line":414,"column":6},"end":{"line":414,"column":19}},"111":{"start":{"line":420,"column":0},"end":{"line":431,"column":2}}},"fnMap":{"0":{"name":"(anonymous_0)","decl":{"start":{"line":31,"column":2},"end":{"line":31,"column":3}},"loc":{"start":{"line":31,"column":22},"end":{"line":38,"column":3}},"line":31},"1":{"name":"(anonymous_1)","decl":{"start":{"line":32,"column":15},"end":{"line":32,"column":16}},"loc":{"start":{"line":32,"column":21},"end":{"line":37,"column":5}},"line":32},"2":{"name":"(anonymous_2)","decl":{"start":{"line":46,"column":25},"end":{"line":46,"column":26}},"loc":{"start":{"line":46,"column":31},"end":{"line":78,"column":3}},"line":46},"3":{"name":"(anonymous_3)","decl":{"start":{"line":53,"column":14},"end":{"line":53,"column":15}},"loc":{"start":{"line":53,"column":28},"end":{"line":72,"column":9}},"line":53},"4":{"name":"(anonymous_4)","decl":{"start":{"line":57,"column":20},"end":{"line":57,"column":21}},"loc":{"start":{"line":57,"column":34},"end":{"line":70,"column":15}},"line":57},"5":{"name":"(anonymous_5)","decl":{"start":{"line":63,"column":19},"end":{"line":63,"column":20}},"loc":{"start":{"line":63,"column":25},"end":{"line":69,"column":17}},"line":63},"6":{"name":"(anonymous_6)","decl":{"start":{"line":65,"column":49},"end":{"line":65,"column":50}},"loc":{"start":{"line":65,"column":65},"end":{"line":67,"column":21}},"line":65},"7":{"name":"(anonymous_7)","decl":{"start":{"line":74,"column":15},"end":{"line":74,"column":16}},"loc":{"start":{"line":74,"column":21},"end":{"line":77,"column":5}},"line":74},"8":{"name":"(anonymous_8)","decl":{"start":{"line":86,"column":21},"end":{"line":86,"column":22}},"loc":{"start":{"line":86,"column":27},"end":{"line":99,"column":3}},"line":86},"9":{"name":"(anonymous_9)","decl":{"start":{"line":90,"column":12},"end":{"line":90,"column":13}},"loc":{"start":{"line":90,"column":26},"end":{"line":98,"column":7}},"line":90},"10":{"name":"(anonymous_10)","decl":{"start":{"line":108,"column":15},"end":{"line":108,"column":16}},"loc":{"start":{"line":108,"column":25},"end":{"line":114,"column":3}},"line":108},"11":{"name":"(anonymous_11)","decl":{"start":{"line":121,"column":18},"end":{"line":121,"column":19}},"loc":{"start":{"line":121,"column":24},"end":{"line":123,"column":3}},"line":121},"12":{"name":"(anonymous_12)","decl":{"start":{"line":131,"column":22},"end":{"line":131,"column":23}},"loc":{"start":{"line":131,"column":34},"end":{"line":134,"column":3}},"line":131},"13":{"name":"(anonymous_13)","decl":{"start":{"line":142,"column":12},"end":{"line":142,"column":13}},"loc":{"start":{"line":142,"column":18},"end":{"line":151,"column":3}},"line":142},"14":{"name":"(anonymous_14)","decl":{"start":{"line":148,"column":20},"end":{"line":148,"column":21}},"loc":{"start":{"line":148,"column":26},"end":{"line":150,"column":5}},"line":148},"15":{"name":"(anonymous_15)","decl":{"start":{"line":156,"column":19},"end":{"line":156,"column":20}},"loc":{"start":{"line":156,"column":25},"end":{"line":158,"column":3}},"line":156},"16":{"name":"(anonymous_16)","decl":{"start":{"line":163,"column":11},"end":{"line":163,"column":12}},"loc":{"start":{"line":163,"column":17},"end":{"line":165,"column":3}},"line":163},"17":{"name":"(anonymous_17)","decl":{"start":{"line":173,"column":18},"end":{"line":173,"column":19}},"loc":{"start":{"line":173,"column":24},"end":{"line":179,"column":3}},"line":173},"18":{"name":"(anonymous_18)","decl":{"start":{"line":188,"column":23},"end":{"line":188,"column":24}},"loc":{"start":{"line":188,"column":33},"end":{"line":200,"column":3}},"line":188},"19":{"name":"(anonymous_19)","decl":{"start":{"line":207,"column":14},"end":{"line":207,"column":15}},"loc":{"start":{"line":207,"column":24},"end":{"line":210,"column":3}},"line":207},"20":{"name":"(anonymous_20)","decl":{"start":{"line":221,"column":18},"end":{"line":221,"column":19}},"loc":{"start":{"line":221,"column":37},"end":{"line":244,"column":3}},"line":221},"21":{"name":"(anonymous_21)","decl":{"start":{"line":225,"column":12},"end":{"line":225,"column":13}},"loc":{"start":{"line":225,"column":26},"end":{"line":243,"column":7}},"line":225},"22":{"name":"(anonymous_22)","decl":{"start":{"line":235,"column":10},"end":{"line":235,"column":11}},"loc":{"start":{"line":235,"column":16},"end":{"line":242,"column":11}},"line":235},"23":{"name":"(anonymous_23)","decl":{"start":{"line":251,"column":16},"end":{"line":251,"column":17}},"loc":{"start":{"line":251,"column":26},"end":{"line":254,"column":3}},"line":251},"24":{"name":"(anonymous_24)","decl":{"start":{"line":261,"column":17},"end":{"line":261,"column":18}},"loc":{"start":{"line":261,"column":23},"end":{"line":266,"column":3}},"line":261},"25":{"name":"(anonymous_25)","decl":{"start":{"line":272,"column":13},"end":{"line":272,"column":14}},"loc":{"start":{"line":272,"column":19},"end":{"line":283,"column":3}},"line":272},"26":{"name":"(anonymous_26)","decl":{"start":{"line":290,"column":22},"end":{"line":290,"column":23}},"loc":{"start":{"line":290,"column":28},"end":{"line":294,"column":3}},"line":290},"27":{"name":"(anonymous_27)","decl":{"start":{"line":303,"column":2},"end":{"line":303,"column":3}},"loc":{"start":{"line":303,"column":11},"end":{"line":379,"column":3}},"line":303},"28":{"name":"(anonymous_28)","decl":{"start":{"line":328,"column":20},"end":{"line":328,"column":21}},"loc":{"start":{"line":328,"column":26},"end":{"line":330,"column":21}},"line":328},"29":{"name":"(anonymous_29)","decl":{"start":{"line":331,"column":20},"end":{"line":331,"column":21}},"loc":{"start":{"line":331,"column":26},"end":{"line":333,"column":21}},"line":331},"30":{"name":"(anonymous_30)","decl":{"start":{"line":349,"column":34},"end":{"line":349,"column":35}},"loc":{"start":{"line":349,"column":44},"end":{"line":358,"column":13}},"line":349},"31":{"name":"(anonymous_31)","decl":{"start":{"line":365,"column":46},"end":{"line":365,"column":47}},"loc":{"start":{"line":365,"column":56},"end":{"line":368,"column":17}},"line":365},"32":{"name":"(anonymous_32)","decl":{"start":{"line":385,"column":17},"end":{"line":385,"column":18}},"loc":{"start":{"line":385,"column":23},"end":{"line":416,"column":3}},"line":385},"33":{"name":"(anonymous_33)","decl":{"start":{"line":397,"column":7},"end":{"line":397,"column":8}},"loc":{"start":{"line":397,"column":13},"end":{"line":415,"column":5}},"line":397}},"branchMap":{"0":{"loc":{"start":{"line":33,"column":6},"end":{"line":36,"column":7}},"type":"if","locations":[{"start":{"line":33,"column":6},"end":{"line":36,"column":7}},{"start":{"line":33,"column":6},"end":{"line":36,"column":7}}],"line":33},"1":{"loc":{"start":{"line":48,"column":4},"end":{"line":73,"column":5}},"type":"if","locations":[{"start":{"line":48,"column":4},"end":{"line":73,"column":5}},{"start":{"line":48,"column":4},"end":{"line":73,"column":5}}],"line":48},"2":{"loc":{"start":{"line":93,"column":10},"end":{"line":95,"column":11}},"type":"if","locations":[{"start":{"line":93,"column":10},"end":{"line":95,"column":11}},{"start":{"line":93,"column":10},"end":{"line":95,"column":11}}],"line":93},"3":{"loc":{"start":{"line":190,"column":6},"end":{"line":198,"column":7}},"type":"if","locations":[{"start":{"line":190,"column":6},"end":{"line":198,"column":7}},{"start":{"line":190,"column":6},"end":{"line":198,"column":7}}],"line":190},"4":{"loc":{"start":{"line":191,"column":8},"end":{"line":197,"column":9}},"type":"if","locations":[{"start":{"line":191,"column":8},"end":{"line":197,"column":9}},{"start":{"line":191,"column":8},"end":{"line":197,"column":9}}],"line":191},"5":{"loc":{"start":{"line":222,"column":18},"end":{"line":222,"column":59}},"type":"cond-expr","locations":[{"start":{"line":222,"column":35},"end":{"line":222,"column":45}},{"start":{"line":222,"column":48},"end":{"line":222,"column":59}}],"line":222},"6":{"loc":{"start":{"line":263,"column":6},"end":{"line":263,"column":40}},"type":"if","locations":[{"start":{"line":263,"column":6},"end":{"line":263,"column":40}},{"start":{"line":263,"column":6},"end":{"line":263,"column":40}}],"line":263},"7":{"loc":{"start":{"line":275,"column":6},"end":{"line":281,"column":7}},"type":"if","locations":[{"start":{"line":275,"column":6},"end":{"line":281,"column":7}},{"start":{"line":275,"column":6},"end":{"line":281,"column":7}}],"line":275},"8":{"loc":{"start":{"line":276,"column":8},"end":{"line":278,"column":9}},"type":"if","locations":[{"start":{"line":276,"column":8},"end":{"line":278,"column":9}},{"start":{"line":276,"column":8},"end":{"line":278,"column":9}}],"line":276},"9":{"loc":{"start":{"line":304,"column":11},"end":{"line":378,"column":18}},"type":"cond-expr","locations":[{"start":{"line":305,"column":6},"end":{"line":377,"column":9}},{"start":{"line":378,"column":6},"end":{"line":378,"column":18}}],"line":304},"10":{"loc":{"start":{"line":325,"column":27},"end":{"line":325,"column":72}},"type":"cond-expr","locations":[{"start":{"line":325,"column":49},"end":{"line":325,"column":60}},{"start":{"line":325,"column":63},"end":{"line":325,"column":72}}],"line":325},"11":{"loc":{"start":{"line":327,"column":18},"end":{"line":333,"column":21}},"type":"cond-expr","locations":[{"start":{"line":328,"column":20},"end":{"line":330,"column":21}},{"start":{"line":331,"column":20},"end":{"line":333,"column":21}}],"line":327},"12":{"loc":{"start":{"line":336,"column":28},"end":{"line":337,"column":28}},"type":"cond-expr","locations":[{"start":{"line":336,"column":50},"end":{"line":336,"column":61}},{"start":{"line":337,"column":18},"end":{"line":337,"column":28}}],"line":336},"13":{"loc":{"start":{"line":341,"column":27},"end":{"line":342,"column":27}},"type":"cond-expr","locations":[{"start":{"line":341,"column":49},"end":{"line":341,"column":59}},{"start":{"line":342,"column":18},"end":{"line":342,"column":27}}],"line":341}},"s":{"0":4,"1":4,"2":4,"3":3,"4":3,"5":4,"6":3,"7":3,"8":3,"9":0,"10":0,"11":0,"12":0,"13":0,"14":0,"15":0,"16":0,"17":3,"18":3,"19":3,"20":4,"21":3,"22":3,"23":3,"24":0,"25":0,"26":0,"27":0,"28":0,"29":4,"30":12,"31":12,"32":12,"33":12,"34":4,"35":4,"36":4,"37":6,"38":6,"39":4,"40":4,"41":4,"42":0,"43":4,"44":3,"45":4,"46":6,"47":4,"48":18,"49":18,"50":12,"51":18,"52":4,"53":6,"54":6,"55":6,"56":3,"57":3,"58":3,"59":3,"60":4,"61":9,"62":9,"63":4,"64":18,"65":18,"66":0,"67":0,"68":0,"69":0,"70":0,"71":4,"72":9,"73":9,"74":4,"75":12,"76":12,"77":6,"78":6,"79":4,"80":6,"81":6,"82":6,"83":3,"84":3,"85":3,"86":4,"87":3,"88":3,"89":16,"90":0,"91":0,"92":9,"93":9,"94":4,"95":3,"96":3,"97":3,"98":3,"99":3,"100":3,"101":3,"102":3,"103":3,"104":3,"105":3,"106":3,"107":3,"108":3,"109":3,"110":3,"111":2},"f":{"0":4,"1":4,"2":3,"3":0,"4":0,"5":0,"6":0,"7":3,"8":3,"9":0,"10":12,"11":4,"12":6,"13":4,"14":0,"15":3,"16":6,"17":18,"18":6,"19":9,"20":18,"21":0,"22":0,"23":9,"24":12,"25":6,"26":3,"27":16,"28":0,"29":0,"30":9,"31":9,"32":3,"33":3},"b":{"0":[3,1],"1":[3,0],"2":[0,0],"3":[6,0],"4":[3,3],"5":[9,9],"6":[6,6],"7":[3,3],"8":[3,0],"9":[15,1],"10":[6,9],"11":[6,9],"12":[6,9],"13":[6,9]},"_coverageSchema":"43e27e138ebf9cfc5966b082cf9a028302ed4184","hash":"168a6156246454c62d3f74cef60061d1215a03eb"}
}
