TN:
SF:C:\Users\Eier\Desktop\shopstop\01\src\App.js
FN:46,(anonymous_0)
FN:54,(anonymous_1)
FN:65,(anonymous_2)
FN:74,(anonymous_3)
FN:83,(anonymous_4)
FN:94,(anonymous_5)
FN:97,(anonymous_6)
FN:113,(anonymous_7)
FN:129,(anonymous_8)
FN:131,(anonymous_9)
FN:134,(anonymous_10)
FN:136,(anonymous_11)
FN:154,(anonymous_12)
FN:158,(anonymous_13)
FN:165,(anonymous_14)
FN:176,(anonymous_15)
FN:185,(anonymous_16)
FN:193,(anonymous_17)
FN:202,(anonymous_18)
FN:203,(anonymous_19)
FN:206,(anonymous_20)
FN:212,(anonymous_21)
FN:225,(anonymous_22)
FN:227,(anonymous_23)
FN:231,(anonymous_24)
FN:250,(anonymous_25)
FN:260,(anonymous_26)
FN:275,(anonymous_27)
FN:281,(anonymous_28)
FN:290,(anonymous_29)
FN:298,(anonymous_30)
FN:317,(anonymous_31)
FN:330,(anonymous_32)
FN:336,(anonymous_33)
FN:339,(anonymous_34)
FN:350,(anonymous_35)
FN:359,(anonymous_36)
FN:368,(anonymous_37)
FN:376,(anonymous_38)
FN:379,(anonymous_39)
FN:386,(anonymous_40)
FN:391,(anonymous_41)
FN:402,(anonymous_42)
FN:416,(anonymous_43)
FN:429,(anonymous_44)
FN:444,(anonymous_45)
FN:458,(anonymous_46)
FN:479,(anonymous_47)
FNF:48
FNH:26
FNDA:1,(anonymous_0)
FNDA:0,(anonymous_1)
FNDA:1,(anonymous_2)
FNDA:0,(anonymous_3)
FNDA:1,(anonymous_4)
FNDA:1,(anonymous_5)
FNDA:0,(anonymous_6)
FNDA:2,(anonymous_7)
FNDA:1,(anonymous_8)
FNDA:0,(anonymous_9)
FNDA:0,(anonymous_10)
FNDA:0,(anonymous_11)
FNDA:2,(anonymous_12)
FNDA:0,(anonymous_13)
FNDA:0,(anonymous_14)
FNDA:1,(anonymous_15)
FNDA:1,(anonymous_16)
FNDA:1,(anonymous_17)
FNDA:1,(anonymous_18)
FNDA:1,(anonymous_19)
FNDA:0,(anonymous_20)
FNDA:0,(anonymous_21)
FNDA:1,(anonymous_22)
FNDA:0,(anonymous_23)
FNDA:0,(anonymous_24)
FNDA:2,(anonymous_25)
FNDA:3,(anonymous_26)
FNDA:1,(anonymous_27)
FNDA:0,(anonymous_28)
FNDA:0,(anonymous_29)
FNDA:0,(anonymous_30)
FNDA:4,(anonymous_31)
FNDA:2,(anonymous_32)
FNDA:0,(anonymous_33)
FNDA:0,(anonymous_34)
FNDA:1,(anonymous_35)
FNDA:1,(anonymous_36)
FNDA:1,(anonymous_37)
FNDA:3,(anonymous_38)
FNDA:2,(anonymous_39)
FNDA:0,(anonymous_40)
FNDA:1,(anonymous_41)
FNDA:0,(anonymous_42)
FNDA:0,(anonymous_43)
FNDA:0,(anonymous_44)
FNDA:0,(anonymous_45)
FNDA:1,(anonymous_46)
FNDA:1,(anonymous_47)
DA:25,1
DA:47,1
DA:48,1
DA:50,1
DA:51,1
DA:52,1
DA:53,0
DA:54,0
DA:55,0
DA:56,0
DA:65,1
DA:66,1
DA:74,1
DA:76,0
DA:77,0
DA:84,1
DA:94,1
DA:95,1
DA:96,1
DA:98,0
DA:99,0
DA:100,0
DA:113,1
DA:114,2
DA:115,3
DA:116,1
DA:119,1
DA:129,1
DA:130,1
DA:132,0
DA:133,0
DA:134,0
DA:135,0
DA:137,0
DA:154,1
DA:155,2
DA:156,1
DA:157,1
DA:159,0
DA:160,0
DA:161,0
DA:162,0
DA:163,0
DA:165,0
DA:166,0
DA:176,1
DA:178,1
DA:185,1
DA:186,1
DA:193,1
DA:194,1
DA:202,1
DA:203,1
DA:204,1
DA:207,0
DA:208,0
DA:209,0
DA:211,0
DA:213,0
DA:225,1
DA:226,1
DA:228,0
DA:229,0
DA:232,0
DA:233,0
DA:238,0
DA:239,0
DA:240,0
DA:250,1
DA:251,2
DA:260,1
DA:261,3
DA:262,3
DA:263,3
DA:265,3
DA:275,1
DA:276,1
DA:277,0
DA:279,1
DA:280,1
DA:282,0
DA:283,0
DA:284,0
DA:288,0
DA:291,0
DA:292,0
DA:299,0
DA:317,1
DA:318,4
DA:330,1
DA:331,2
DA:332,1
DA:334,1
DA:337,0
DA:338,0
DA:340,0
DA:350,1
DA:351,1
DA:359,1
DA:360,1
DA:368,1
DA:369,1
DA:377,3
DA:380,2
DA:387,0
DA:392,1
DA:403,0
DA:417,0
DA:430,0
DA:445,0
DA:458,1
DA:459,1
DA:480,1
DA:481,1
DA:482,1
DA:483,1
DA:484,1
DA:485,1
DA:486,1
DA:490,1
DA:494,1
DA:495,1
DA:496,1
DA:497,1
DA:498,1
DA:499,1
DA:500,1
DA:501,1
DA:502,1
DA:506,1
DA:507,1
DA:511,1
DA:512,1
DA:513,1
DA:514,1
DA:515,1
DA:520,1
LF:137
LH:88
BRDA:47,0,0,1
BRDA:47,0,1,0
BRDA:52,1,0,0
BRDA:52,1,1,1
BRDA:52,2,0,1
BRDA:52,2,1,0
BRDA:115,3,0,1
BRDA:115,3,1,2
BRDA:133,4,0,0
BRDA:133,4,1,0
BRDA:155,5,0,1
BRDA:155,5,1,1
BRDA:160,6,0,0
BRDA:160,6,1,0
BRDA:160,7,0,0
BRDA:160,7,1,0
BRDA:232,8,0,0
BRDA:232,8,1,0
BRDA:276,9,0,0
BRDA:276,9,1,1
BRDA:279,10,0,1
BRDA:279,10,1,0
BRDA:279,11,0,1
BRDA:279,11,1,1
BRDA:282,12,0,0
BRDA:282,12,1,0
BRDA:291,13,0,0
BRDA:291,13,1,0
BRDA:318,14,0,4
BRDA:318,14,1,4
BRDA:318,14,2,4
BRDA:331,15,0,1
BRDA:331,15,1,1
BRF:33
BRH:16
end_of_record
TN:
SF:C:\Users\Eier\Desktop\shopstop\01\src\Constants.js
FNF:0
FNH:0
DA:3,9
DA:4,9
DA:5,9
LF:3
LH:3
BRF:0
BRH:0
end_of_record
TN:
SF:C:\Users\Eier\Desktop\shopstop\01\src\index.js
FNF:0
FNH:0
DA:7,0
LF:1
LH:0
BRF:0
BRH:0
end_of_record
TN:
SF:C:\Users\Eier\Desktop\shopstop\01\src\components\groupmember\AddMember.js
FN:20,(anonymous_0)
FN:26,(anonymous_1)
FN:37,(anonymous_2)
FNF:3
FNH:3
FNDA:1,(anonymous_0)
FNDA:1,(anonymous_1)
FNDA:8,(anonymous_2)
DA:11,7
DA:20,7
DA:21,1
DA:26,7
DA:27,1
DA:28,1
DA:29,1
DA:38,8
DA:51,4
LF:9
LH:9
BRF:0
BRH:0
end_of_record
TN:
SF:C:\Users\Eier\Desktop\shopstop\01\src\components\groupmember\GroupMemberPage.js
FN:19,(anonymous_0)
FN:29,(anonymous_1)
FNF:2
FNH:2
FNDA:1,(anonymous_0)
FNDA:3,(anonymous_1)
DA:19,3
DA:20,1
DA:30,3
DA:62,2
LF:4
LH:4
BRDA:30,0,0,2
BRDA:30,0,1,1
BRF:2
BRH:2
end_of_record
TN:
SF:C:\Users\Eier\Desktop\shopstop\01\src\components\groupmember\GroupMemberView.js
FN:20,(anonymous_0)
FN:21,(anonymous_1)
FN:30,(anonymous_2)
FN:40,(anonymous_3)
FN:56,(anonymous_4)
FNF:5
FNH:4
FNDA:6,(anonymous_0)
FNDA:6,(anonymous_1)
FNDA:0,(anonymous_2)
FNDA:6,(anonymous_3)
FNDA:4,(anonymous_4)
DA:12,6
DA:21,6
DA:22,6
DA:30,6
DA:31,0
DA:41,6
DA:57,4
DA:72,3
LF:8
LH:7
BRDA:45,0,0,6
BRDA:45,0,1,6
BRDA:48,1,0,0
BRDA:48,1,1,6
BRDA:64,2,0,6
BRDA:64,2,1,6
BRF:6
BRH:5
end_of_record
TN:
SF:C:\Users\Eier\Desktop\shopstop\01\src\components\groupmember\MemberItem.js
FN:16,(anonymous_0)
FN:26,(anonymous_1)
FN:39,(anonymous_2)
FNF:3
FNH:2
FNDA:9,(anonymous_0)
FNDA:7,(anonymous_1)
FNDA:0,(anonymous_2)
DA:16,7
DA:17,9
DA:27,7
DA:28,7
DA:39,0
DA:52,4
LF:6
LH:5
BRDA:33,0,0,7
BRDA:33,0,1,1
BRDA:37,1,0,7
BRDA:37,1,1,2
BRDA:37,1,2,1
BRDA:41,2,0,1
BRDA:41,2,1,0
BRF:7
BRH:6
end_of_record
TN:
SF:C:\Users\Eier\Desktop\shopstop\01\src\components\groupoverview\GroupItem.js
FN:15,(anonymous_0)
FNF:1
FNH:1
FNDA:30,(anonymous_0)
DA:16,30
DA:17,30
DA:27,2
LF:3
LH:3
BRF:0
BRH:0
end_of_record
TN:
SF:C:\Users\Eier\Desktop\shopstop\01\src\components\groupoverview\GroupView.js
FN:20,(anonymous_0)
FN:30,(anonymous_1)
FNF:2
FNH:2
FNDA:1,(anonymous_0)
FNDA:10,(anonymous_1)
DA:11,6
DA:20,6
DA:21,1
DA:31,10
DA:50,2
LF:5
LH:5
BRF:0
BRH:0
end_of_record
TN:
SF:C:\Users\Eier\Desktop\shopstop\01\src\components\groupoverview\Groups.js
FN:14,(anonymous_0)
FN:17,(anonymous_1)
FNF:2
FNH:2
FNDA:10,(anonymous_0)
FNDA:30,(anonymous_1)
DA:15,10
DA:18,30
DA:26,2
LF:3
LH:3
BRF:0
BRH:0
end_of_record
TN:
SF:C:\Users\Eier\Desktop\shopstop\01\src\components\groupoverview\Overview.js
FN:22,(anonymous_0)
FN:23,(anonymous_1)
FN:32,(anonymous_2)
FN:41,(anonymous_3)
FN:42,(anonymous_4)
FN:46,(anonymous_5)
FN:57,(anonymous_6)
FN:73,(anonymous_7)
FN:93,(anonymous_8)
FN:98,(anonymous_9)
FN:101,(anonymous_10)
FN:125,(anonymous_11)
FNF:12
FNH:10
FNDA:7,(anonymous_0)
FNDA:6,(anonymous_1)
FNDA:3,(anonymous_2)
FNDA:3,(anonymous_3)
FNDA:9,(anonymous_4)
FNDA:3,(anonymous_5)
FNDA:1,(anonymous_6)
FNDA:1,(anonymous_7)
FNDA:1,(anonymous_8)
FNDA:0,(anonymous_9)
FNDA:0,(anonymous_10)
FNDA:10,(anonymous_11)
DA:23,7
DA:24,6
DA:32,7
DA:33,3
DA:41,7
DA:42,3
DA:43,9
DA:46,3
DA:47,3
DA:48,3
DA:57,7
DA:58,1
DA:59,1
DA:60,3
DA:62,1
DA:73,7
DA:74,1
DA:93,7
DA:94,1
DA:95,1
DA:99,0
DA:100,0
DA:102,0
DA:103,0
DA:107,0
DA:126,10
DA:143,2
LF:27
LH:22
BRDA:74,0,0,1
BRDA:74,0,1,1
BRDA:94,1,0,1
BRDA:94,1,1,0
BRDA:126,2,0,9
BRDA:126,2,1,1
BRF:6
BRH:5
end_of_record
TN:
SF:C:\Users\Eier\Desktop\shopstop\01\src\components\grouppage\AddShoppingList.js
FN:19,(anonymous_0)
FN:28,(anonymous_1)
FN:39,(anonymous_2)
FNF:3
FNH:3
FNDA:1,(anonymous_0)
FNDA:1,(anonymous_1)
FNDA:14,(anonymous_2)
DA:11,6
DA:19,6
DA:20,1
DA:28,6
DA:29,1
DA:30,1
DA:31,1
DA:40,14
DA:56,3
LF:9
LH:9
BRF:0
BRH:0
end_of_record
TN:
SF:C:\Users\Eier\Desktop\shopstop\01\src\components\grouppage\GroupPage.js
FN:28,(anonymous_0)
FN:36,(anonymous_1)
FN:44,(anonymous_2)
FN:51,(anonymous_3)
FN:59,(anonymous_4)
FN:68,(anonymous_5)
FN:83,(anonymous_6)
FN:103,(anonymous_7)
FNF:8
FNH:6
FNDA:6,(anonymous_0)
FNDA:5,(anonymous_1)
FNDA:2,(anonymous_2)
FNDA:0,(anonymous_3)
FNDA:0,(anonymous_4)
FNDA:1,(anonymous_5)
FNDA:8,(anonymous_6)
FNDA:1,(anonymous_7)
DA:19,6
DA:29,6
DA:37,5
DA:44,6
DA:45,2
DA:51,6
DA:52,0
DA:59,6
DA:60,0
DA:68,6
DA:69,1
DA:70,1
DA:84,8
DA:85,8
DA:104,1
DA:145,2
LF:16
LH:14
BRDA:85,0,0,6
BRDA:85,0,1,2
BRDA:111,1,0,6
BRDA:111,1,1,2
BRDA:126,2,0,6
BRDA:126,2,1,4
BRF:6
BRH:6
end_of_record
TN:
SF:C:\Users\Eier\Desktop\shopstop\01\src\components\grouppage\ShoppingList.js
FN:21,(anonymous_0)
FN:23,(anonymous_1)
FN:34,(anonymous_2)
FNF:3
FNH:2
FNDA:1,(anonymous_0)
FNDA:0,(anonymous_1)
FNDA:3,(anonymous_2)
DA:14,3
DA:21,3
DA:22,1
DA:24,0
DA:35,3
DA:36,3
DA:37,3
DA:47,4
LF:8
LH:7
BRDA:36,0,0,1
BRDA:36,0,1,2
BRF:2
BRH:2
end_of_record
TN:
SF:C:\Users\Eier\Desktop\shopstop\01\src\components\grouppage\ShoppingListView.js
FN:24,(anonymous_0)
FN:30,(anonymous_1)
FN:43,(anonymous_2)
FN:47,(anonymous_3)
FN:57,(anonymous_4)
FN:61,(anonymous_5)
FN:67,(anonymous_6)
FN:70,(anonymous_7)
FN:86,(anonymous_8)
FN:100,(anonymous_9)
FN:110,(anonymous_10)
FN:119,(anonymous_11)
FN:129,(anonymous_12)
FN:130,(anonymous_13)
FN:133,(anonymous_14)
FN:145,(anonymous_15)
FN:149,(anonymous_16)
FNF:17
FNH:13
FNDA:1,(anonymous_0)
FNDA:1,(anonymous_1)
FNDA:6,(anonymous_2)
FNDA:5,(anonymous_3)
FNDA:5,(anonymous_4)
FNDA:0,(anonymous_5)
FNDA:0,(anonymous_6)
FNDA:0,(anonymous_7)
FNDA:4,(anonymous_8)
FNDA:3,(anonymous_9)
FNDA:0,(anonymous_10)
FNDA:1,(anonymous_11)
FNDA:1,(anonymous_12)
FNDA:2,(anonymous_13)
FNDA:1,(anonymous_14)
FNDA:13,(anonymous_15)
FNDA:2,(anonymous_16)
DA:15,6
DA:24,6
DA:25,1
DA:31,1
DA:32,1
DA:33,1
DA:34,1
DA:44,6
DA:45,1
DA:47,6
DA:48,5
DA:57,6
DA:58,5
DA:59,5
DA:62,0
DA:63,0
DA:64,0
DA:68,0
DA:71,0
DA:86,6
DA:87,4
DA:88,4
DA:89,6
DA:91,4
DA:100,6
DA:101,3
DA:103,1
DA:105,2
DA:106,2
DA:111,0
DA:119,6
DA:120,1
DA:129,6
DA:130,1
DA:131,2
DA:133,1
DA:134,1
DA:135,1
DA:146,13
DA:150,2
DA:162,3
LF:41
LH:35
BRDA:44,0,0,1
BRDA:44,0,1,5
BRDA:101,1,0,1
BRDA:101,1,1,2
BRDA:101,2,0,3
BRDA:101,2,1,3
BRF:6
BRH:6
end_of_record
TN:
SF:C:\Users\Eier\Desktop\shopstop\01\src\components\independent\Header.js
FN:19,(anonymous_0)
FN:19,(anonymous_1)
FN:37,(anonymous_2)
FN:39,(anonymous_3)
FN:55,(anonymous_4)
FNF:5
FNH:5
FNDA:42,(anonymous_0)
FNDA:2,(anonymous_1)
FNDA:32,(anonymous_2)
FNDA:1,(anonymous_3)
FNDA:42,(anonymous_4)
DA:19,8
DA:21,42
DA:26,8
DA:27,8
DA:37,8
DA:38,32
DA:40,1
DA:55,8
DA:56,42
DA:58,0
DA:65,5
DA:72,3
DA:79,2
DA:86,32
DA:96,8
LF:15
LH:14
BRDA:19,0,0,32
BRDA:19,1,0,10
BRDA:19,2,0,7
BRDA:19,3,0,40
BRDA:56,4,0,0
BRDA:56,4,1,5
BRDA:56,4,2,3
BRDA:56,4,3,2
BRDA:56,4,4,32
BRF:9
BRH:8
end_of_record
TN:
SF:C:\Users\Eier\Desktop\shopstop\01\src\components\independent\Icon.js
FN:12,(anonymous_0)
FN:25,(anonymous_1)
FNF:2
FNH:2
FNDA:202,(anonymous_0)
FNDA:202,(anonymous_1)
DA:12,13
DA:13,202
DA:25,13
DA:26,202
DA:27,32
DA:28,15
DA:29,25
DA:30,9
DA:31,5
DA:32,6
DA:33,15
DA:34,21
DA:35,10
DA:36,32
DA:37,8
DA:38,7
DA:39,14
DA:40,0
DA:41,3
DA:42,0
DA:46,13
LF:21
LH:19
BRDA:12,0,0,162
BRDA:26,1,0,32
BRDA:26,1,1,15
BRDA:26,1,2,25
BRDA:26,1,3,9
BRDA:26,1,4,5
BRDA:26,1,5,6
BRDA:26,1,6,15
BRDA:26,1,7,21
BRDA:26,1,8,10
BRDA:26,1,9,32
BRDA:26,1,10,8
BRDA:26,1,11,7
BRDA:26,1,12,14
BRDA:26,1,13,0
BRDA:26,1,14,3
BRDA:26,1,15,0
BRF:17
BRH:15
end_of_record
TN:
SF:C:\Users\Eier\Desktop\shopstop\01\src\components\independent\LogoutButton.js
FN:15,(anonymous_0)
FN:25,(anonymous_1)
FN:28,(anonymous_2)
FNF:3
FNH:3
FNDA:2,(anonymous_0)
FNDA:34,(anonymous_1)
FNDA:2,(anonymous_2)
DA:15,18
DA:16,2
DA:17,2
DA:26,34
DA:29,2
DA:37,8
LF:6
LH:6
BRF:0
BRH:0
end_of_record
TN:
SF:C:\Users\Eier\Desktop\shopstop\01\src\components\independent\NotFound.js
FN:15,(anonymous_0)
FNF:1
FNH:1
FNDA:6,(anonymous_0)
DA:16,6
LF:1
LH:1
BRF:0
BRH:0
end_of_record
TN:
SF:C:\Users\Eier\Desktop\shopstop\01\src\components\login\LoginPage.js
FN:18,(anonymous_0)
FNF:1
FNH:1
FNDA:5,(anonymous_0)
DA:19,5
DA:33,2
LF:2
LH:2
BRF:0
BRH:0
end_of_record
TN:
SF:C:\Users\Eier\Desktop\shopstop\01\src\components\login\Loginform.js
FN:23,(anonymous_0)
FN:26,(anonymous_1)
FN:29,(anonymous_2)
FN:42,(anonymous_3)
FN:52,(anonymous_4)
FN:65,(anonymous_5)
FNF:6
FNH:6
FNDA:4,(anonymous_0)
FNDA:2,(anonymous_1)
FNDA:2,(anonymous_2)
FNDA:2,(anonymous_3)
FNDA:2,(anonymous_4)
FNDA:16,(anonymous_5)
DA:11,9
DA:23,9
DA:24,4
DA:25,4
DA:26,2
DA:29,2
DA:42,9
DA:43,2
DA:44,2
DA:45,2
DA:46,2
DA:52,9
DA:53,2
DA:54,4
DA:66,16
DA:91,3
LF:16
LH:16
BRDA:25,0,0,2
BRDA:25,0,1,2
BRDA:83,1,0,16
BRDA:83,1,1,0
BRF:4
BRH:3
end_of_record
TN:
SF:C:\Users\Eier\Desktop\shopstop\01\src\components\login\RegisterButton.js
FN:11,(anonymous_0)
FN:19,(anonymous_1)
FNF:2
FNH:2
FNDA:1,(anonymous_0)
FNDA:5,(anonymous_1)
DA:11,4
DA:12,1
DA:20,5
DA:28,8
LF:4
LH:4
BRF:0
BRH:0
end_of_record
TN:
SF:C:\Users\Eier\Desktop\shopstop\01\src\components\profile\ProfilePage.js
FN:17,(anonymous_0)
FN:27,(anonymous_1)
FNF:2
FNH:2
FNDA:3,(anonymous_0)
FNDA:1,(anonymous_1)
DA:18,3
DA:28,1
DA:41,2
LF:3
LH:3
BRDA:18,0,0,2
BRDA:18,0,1,1
BRF:2
BRH:2
end_of_record
TN:
SF:C:\Users\Eier\Desktop\shopstop\01\src\components\profile\ProfileView.js
FN:14,(anonymous_0)
FNF:1
FNH:1
FNDA:2,(anonymous_0)
DA:15,2
DA:27,2
LF:2
LH:2
BRF:0
BRH:0
end_of_record
TN:
SF:C:\Users\Eier\Desktop\shopstop\01\src\components\register\LoginButton.js
FN:12,(anonymous_0)
FN:20,(anonymous_1)
FNF:2
FNH:2
FNDA:1,(anonymous_0)
FNDA:3,(anonymous_1)
DA:12,3
DA:13,1
DA:21,3
DA:29,8
LF:4
LH:4
BRF:0
BRH:0
end_of_record
TN:
SF:C:\Users\Eier\Desktop\shopstop\01\src\components\register\RegisterForm.js
FN:30,(anonymous_0)
FN:45,(anonymous_1)
FN:59,(anonymous_2)
FN:75,(anonymous_3)
FN:80,(anonymous_4)
FN:92,(anonymous_5)
FN:105,(anonymous_6)
FN:112,(anonymous_7)
FN:124,(anonymous_8)
FNF:9
FNH:7
FNDA:28,(anonymous_0)
FNDA:4,(anonymous_1)
FNDA:4,(anonymous_2)
FNDA:0,(anonymous_3)
FNDA:0,(anonymous_4)
FNDA:4,(anonymous_5)
FNDA:4,(anonymous_6)
FNDA:4,(anonymous_7)
FNDA:41,(anonymous_8)
DA:13,9
DA:30,9
DA:31,28
DA:32,28
DA:34,10
DA:36,18
DA:45,9
DA:46,4
DA:47,4
DA:48,4
DA:49,4
DA:59,9
DA:60,4
DA:61,3
DA:62,3
DA:63,3
DA:65,1
DA:67,0
DA:76,0
DA:80,0
DA:92,9
DA:93,4
DA:105,9
DA:106,4
DA:112,9
DA:113,4
DA:114,24
DA:125,41
DA:179,3
LF:29
LH:26
BRDA:32,0,0,10
BRDA:32,0,1,18
BRDA:32,1,0,28
BRDA:32,1,1,23
BRDA:60,2,0,3
BRDA:60,2,1,1
BRDA:61,3,0,3
BRDA:61,3,1,0
BRDA:65,4,0,1
BRDA:65,4,1,0
BRDA:93,5,0,4
BRDA:93,5,1,3
BRDA:93,5,2,2
BRDA:93,5,3,1
BRDA:93,5,4,1
BRDA:167,6,0,41
BRDA:167,6,1,3
BRDA:170,7,0,41
BRDA:170,7,1,0
BRF:19
BRH:16
end_of_record
TN:
SF:C:\Users\Eier\Desktop\shopstop\01\src\components\register\RegisterPage.js
FN:18,(anonymous_0)
FNF:1
FNH:1
FNDA:3,(anonymous_0)
DA:19,3
DA:30,2
LF:2
LH:2
BRF:0
BRH:0
end_of_record
TN:
SF:C:\Users\Eier\Desktop\shopstop\01\src\components\shoppinglistdetail\Item.js
FN:21,(anonymous_0)
FN:33,(anonymous_1)
FN:38,(anonymous_2)
FN:41,(anonymous_3)
FN:57,(anonymous_4)
FN:75,(anonymous_5)
FN:76,(anonymous_6)
FNF:7
FNH:5
FNDA:1,(anonymous_0)
FNDA:1,(anonymous_1)
FNDA:0,(anonymous_2)
FNDA:0,(anonymous_3)
FNDA:13,(anonymous_4)
FNDA:1,(anonymous_5)
FNDA:1,(anonymous_6)
DA:13,6
DA:21,6
DA:22,1
DA:33,6
DA:34,1
DA:35,1
DA:36,1
DA:39,0
DA:40,0
DA:42,0
DA:58,13
DA:59,13
DA:76,1
DA:86,3
LF:14
LH:11
BRDA:63,0,0,0
BRDA:63,0,1,13
BRDA:73,1,0,8
BRDA:73,1,1,5
BRDA:74,2,0,0
BRDA:74,2,1,5
BRDA:75,3,0,8
BRDA:75,3,1,5
BRDA:78,4,0,8
BRDA:78,4,1,5
BRF:10
BRH:8
end_of_record
TN:
SF:C:\Users\Eier\Desktop\shopstop\01\src\components\shoppinglistdetail\PossibleItem.js
FN:15,(anonymous_0)
FNF:1
FNH:1
FNDA:9,(anonymous_0)
DA:16,9
DA:17,9
DA:25,2
LF:3
LH:3
BRF:0
BRH:0
end_of_record
TN:
SF:C:\Users\Eier\Desktop\shopstop\01\src\components\shoppinglistdetail\ShoppingListDetail.js
FN:31,(anonymous_0)
FN:32,(anonymous_1)
FN:46,(anonymous_2)
FN:53,(anonymous_3)
FN:57,(anonymous_4)
FN:63,(anonymous_5)
FN:65,(anonymous_6)
FN:74,(anonymous_7)
FN:86,(anonymous_8)
FN:90,(anonymous_9)
FN:108,(anonymous_10)
FN:121,(anonymous_11)
FN:131,(anonymous_12)
FN:142,(anonymous_13)
FN:148,(anonymous_14)
FN:156,(anonymous_15)
FN:163,(anonymous_16)
FN:173,(anonymous_17)
FN:188,(anonymous_18)
FN:207,(anonymous_19)
FN:221,(anonymous_20)
FN:225,(anonymous_21)
FN:235,(anonymous_22)
FN:251,(anonymous_23)
FN:261,(anonymous_24)
FN:272,(anonymous_25)
FN:290,(anonymous_26)
FN:303,(anonymous_27)
FN:328,(anonymous_28)
FN:331,(anonymous_29)
FN:349,(anonymous_30)
FN:365,(anonymous_31)
FN:385,(anonymous_32)
FN:397,(anonymous_33)
FNF:34
FNH:24
FNDA:4,(anonymous_0)
FNDA:4,(anonymous_1)
FNDA:3,(anonymous_2)
FNDA:0,(anonymous_3)
FNDA:0,(anonymous_4)
FNDA:0,(anonymous_5)
FNDA:0,(anonymous_6)
FNDA:3,(anonymous_7)
FNDA:3,(anonymous_8)
FNDA:0,(anonymous_9)
FNDA:12,(anonymous_10)
FNDA:4,(anonymous_11)
FNDA:6,(anonymous_12)
FNDA:4,(anonymous_13)
FNDA:0,(anonymous_14)
FNDA:3,(anonymous_15)
FNDA:6,(anonymous_16)
FNDA:18,(anonymous_17)
FNDA:6,(anonymous_18)
FNDA:9,(anonymous_19)
FNDA:18,(anonymous_20)
FNDA:0,(anonymous_21)
FNDA:0,(anonymous_22)
FNDA:9,(anonymous_23)
FNDA:12,(anonymous_24)
FNDA:6,(anonymous_25)
FNDA:3,(anonymous_26)
FNDA:16,(anonymous_27)
FNDA:0,(anonymous_28)
FNDA:0,(anonymous_29)
FNDA:9,(anonymous_30)
FNDA:9,(anonymous_31)
FNDA:3,(anonymous_32)
FNDA:3,(anonymous_33)
DA:18,4
DA:32,4
DA:33,4
DA:34,3
DA:35,3
DA:46,4
DA:47,3
DA:48,3
DA:49,3
DA:51,0
DA:54,0
DA:55,0
DA:58,0
DA:59,0
DA:60,0
DA:64,0
DA:66,0
DA:74,3
DA:75,3
DA:76,3
DA:86,4
DA:87,3
DA:88,3
DA:89,3
DA:91,0
DA:92,0
DA:93,0
DA:94,0
DA:97,0
DA:108,4
DA:109,12
DA:110,12
DA:111,12
DA:113,12
DA:121,4
DA:122,4
DA:131,4
DA:132,6
DA:133,6
DA:142,4
DA:143,4
DA:144,4
DA:149,0
DA:156,4
DA:157,3
DA:163,4
DA:164,6
DA:173,4
DA:174,18
DA:175,18
DA:176,12
DA:178,18
DA:188,4
DA:189,6
DA:190,6
DA:191,6
DA:192,3
DA:193,3
DA:195,3
DA:196,3
DA:207,4
DA:208,9
DA:209,9
DA:221,4
DA:222,18
DA:223,18
DA:226,0
DA:227,0
DA:228,0
DA:234,0
DA:236,0
DA:251,4
DA:252,9
DA:253,9
DA:261,4
DA:262,12
DA:263,12
DA:265,6
DA:272,4
DA:273,6
DA:274,6
DA:275,6
DA:276,3
DA:277,3
DA:280,3
DA:290,4
DA:291,3
DA:293,3
DA:304,16
DA:329,0
DA:332,0
DA:350,9
DA:366,9
DA:385,4
DA:386,3
DA:398,3
DA:399,3
DA:400,3
DA:401,3
DA:403,3
DA:404,3
DA:405,3
DA:406,3
DA:408,3
DA:409,3
DA:410,3
DA:411,3
DA:412,3
DA:413,3
DA:414,3
DA:420,2
LF:111
LH:90
BRDA:33,0,0,3
BRDA:33,0,1,1
BRDA:48,1,0,3
BRDA:48,1,1,0
BRDA:93,2,0,0
BRDA:93,2,1,0
BRDA:190,3,0,6
BRDA:190,3,1,0
BRDA:191,4,0,3
BRDA:191,4,1,3
BRDA:222,5,0,9
BRDA:222,5,1,9
BRDA:263,6,0,6
BRDA:263,6,1,6
BRDA:275,7,0,3
BRDA:275,7,1,3
BRDA:276,8,0,3
BRDA:276,8,1,0
BRDA:304,9,0,15
BRDA:304,9,1,1
BRDA:325,10,0,6
BRDA:325,10,1,9
BRDA:327,11,0,6
BRDA:327,11,1,9
BRDA:336,12,0,6
BRDA:336,12,1,9
BRDA:341,13,0,6
BRDA:341,13,1,9
BRF:28
BRH:23
end_of_record
